ARM GAS  C:\Users\J\AppData\Local\Temp\ccxMSMqH.s 			page 1


   1              		.cpu cortex-m4
   2              		.eabi_attribute 27, 1
   3              		.eabi_attribute 28, 1
   4              		.eabi_attribute 20, 1
   5              		.eabi_attribute 21, 1
   6              		.eabi_attribute 23, 3
   7              		.eabi_attribute 24, 1
   8              		.eabi_attribute 25, 1
   9              		.eabi_attribute 26, 1
  10              		.eabi_attribute 30, 1
  11              		.eabi_attribute 34, 1
  12              		.eabi_attribute 18, 4
  13              		.file	"at32f413_debug.c"
  14              		.text
  15              	.Ltext0:
  16              		.cfi_sections	.debug_frame
  17              		.section	.text.debug_device_id_get,"ax",%progbits
  18              		.align	1
  19              		.global	debug_device_id_get
  20              		.arch armv7e-m
  21              		.syntax unified
  22              		.thumb
  23              		.thumb_func
  24              		.fpu fpv4-sp-d16
  26              	debug_device_id_get:
  27              	.LFB133:
  28              		.file 1 "./libraries/drivers/src/at32f413_debug.c"
   1:./libraries/drivers/src/at32f413_debug.c **** /**
   2:./libraries/drivers/src/at32f413_debug.c ****   **************************************************************************
   3:./libraries/drivers/src/at32f413_debug.c ****   * @file     at32f413_debug.c
   4:./libraries/drivers/src/at32f413_debug.c ****   * @version  v2.0.5
   5:./libraries/drivers/src/at32f413_debug.c ****   * @date     2022-05-20
   6:./libraries/drivers/src/at32f413_debug.c ****   * @brief    contains all the functions for the debug firmware library
   7:./libraries/drivers/src/at32f413_debug.c ****   **************************************************************************
   8:./libraries/drivers/src/at32f413_debug.c ****   *                       Copyright notice & Disclaimer
   9:./libraries/drivers/src/at32f413_debug.c ****   *
  10:./libraries/drivers/src/at32f413_debug.c ****   * The software Board Support Package (BSP) that is made available to
  11:./libraries/drivers/src/at32f413_debug.c ****   * download from Artery official website is the copyrighted work of Artery.
  12:./libraries/drivers/src/at32f413_debug.c ****   * Artery authorizes customers to use, copy, and distribute the BSP
  13:./libraries/drivers/src/at32f413_debug.c ****   * software and its related documentation for the purpose of design and
  14:./libraries/drivers/src/at32f413_debug.c ****   * development in conjunction with Artery microcontrollers. Use of the
  15:./libraries/drivers/src/at32f413_debug.c ****   * software is governed by this copyright notice and the following disclaimer.
  16:./libraries/drivers/src/at32f413_debug.c ****   *
  17:./libraries/drivers/src/at32f413_debug.c ****   * THIS SOFTWARE IS PROVIDED ON "AS IS" BASIS WITHOUT WARRANTIES,
  18:./libraries/drivers/src/at32f413_debug.c ****   * GUARANTEES OR REPRESENTATIONS OF ANY KIND. ARTERY EXPRESSLY DISCLAIMS,
  19:./libraries/drivers/src/at32f413_debug.c ****   * TO THE FULLEST EXTENT PERMITTED BY LAW, ALL EXPRESS, IMPLIED OR
  20:./libraries/drivers/src/at32f413_debug.c ****   * STATUTORY OR OTHER WARRANTIES, GUARANTEES OR REPRESENTATIONS,
  21:./libraries/drivers/src/at32f413_debug.c ****   * INCLUDING BUT NOT LIMITED TO, THE IMPLIED WARRANTIES OF MERCHANTABILITY,
  22:./libraries/drivers/src/at32f413_debug.c ****   * FITNESS FOR A PARTICULAR PURPOSE, OR NON-INFRINGEMENT.
  23:./libraries/drivers/src/at32f413_debug.c ****   *
  24:./libraries/drivers/src/at32f413_debug.c ****   **************************************************************************
  25:./libraries/drivers/src/at32f413_debug.c ****   */
  26:./libraries/drivers/src/at32f413_debug.c **** 
  27:./libraries/drivers/src/at32f413_debug.c **** #include "at32f413_conf.h"
  28:./libraries/drivers/src/at32f413_debug.c **** 
  29:./libraries/drivers/src/at32f413_debug.c **** /** @addtogroup AT32F413_periph_driver
  30:./libraries/drivers/src/at32f413_debug.c ****   * @{
ARM GAS  C:\Users\J\AppData\Local\Temp\ccxMSMqH.s 			page 2


  31:./libraries/drivers/src/at32f413_debug.c ****   */
  32:./libraries/drivers/src/at32f413_debug.c **** 
  33:./libraries/drivers/src/at32f413_debug.c **** /** @defgroup DEBUG
  34:./libraries/drivers/src/at32f413_debug.c ****   * @brief DEBUG driver modules
  35:./libraries/drivers/src/at32f413_debug.c ****   * @{
  36:./libraries/drivers/src/at32f413_debug.c ****   */
  37:./libraries/drivers/src/at32f413_debug.c **** 
  38:./libraries/drivers/src/at32f413_debug.c **** #ifdef DEBUG_MODULE_ENABLED
  39:./libraries/drivers/src/at32f413_debug.c **** 
  40:./libraries/drivers/src/at32f413_debug.c **** /** @defgroup DEBUG_private_functions
  41:./libraries/drivers/src/at32f413_debug.c ****   * @{
  42:./libraries/drivers/src/at32f413_debug.c ****   */
  43:./libraries/drivers/src/at32f413_debug.c **** 
  44:./libraries/drivers/src/at32f413_debug.c **** /**
  45:./libraries/drivers/src/at32f413_debug.c ****   * @brief  get debug device id
  46:./libraries/drivers/src/at32f413_debug.c ****   * @param  none
  47:./libraries/drivers/src/at32f413_debug.c ****   * @retval the debug device id
  48:./libraries/drivers/src/at32f413_debug.c ****   */
  49:./libraries/drivers/src/at32f413_debug.c **** uint32_t debug_device_id_get(void)
  50:./libraries/drivers/src/at32f413_debug.c **** {
  29              		.loc 1 50 1 view -0
  30              		.cfi_startproc
  31              		@ args = 0, pretend = 0, frame = 0
  32              		@ frame_needed = 0, uses_anonymous_args = 0
  33              		@ link register save eliminated.
  51:./libraries/drivers/src/at32f413_debug.c ****   return DEBUGMCU->pid;
  34              		.loc 1 51 3 view .LVU1
  35              		.loc 1 51 18 is_stmt 0 view .LVU2
  36 0000 014B     		ldr	r3, .L2
  37 0002 1868     		ldr	r0, [r3]
  52:./libraries/drivers/src/at32f413_debug.c **** }
  38              		.loc 1 52 1 view .LVU3
  39 0004 7047     		bx	lr
  40              	.L3:
  41 0006 00BF     		.align	2
  42              	.L2:
  43 0008 002004E0 		.word	-536600576
  44              		.cfi_endproc
  45              	.LFE133:
  47              		.section	.text.debug_periph_mode_set,"ax",%progbits
  48              		.align	1
  49              		.global	debug_periph_mode_set
  50              		.syntax unified
  51              		.thumb
  52              		.thumb_func
  53              		.fpu fpv4-sp-d16
  55              	debug_periph_mode_set:
  56              	.LVL0:
  57              	.LFB134:
  53:./libraries/drivers/src/at32f413_debug.c **** 
  54:./libraries/drivers/src/at32f413_debug.c **** /**
  55:./libraries/drivers/src/at32f413_debug.c ****   * @brief  set periph debug mode
  56:./libraries/drivers/src/at32f413_debug.c ****   * @param  periph_debug_mode
  57:./libraries/drivers/src/at32f413_debug.c ****   *         this parameter can be any combination of the following values:
  58:./libraries/drivers/src/at32f413_debug.c ****   *         - DEBUG_SLEEP
  59:./libraries/drivers/src/at32f413_debug.c ****   *         - DEBUG_DEEPSLEEP
  60:./libraries/drivers/src/at32f413_debug.c ****   *         - DEBUG_STANDBY
ARM GAS  C:\Users\J\AppData\Local\Temp\ccxMSMqH.s 			page 3


  61:./libraries/drivers/src/at32f413_debug.c ****   *         - DEBUG_WDT_PAUSE
  62:./libraries/drivers/src/at32f413_debug.c ****   *         - DEBUG_WWDT_PAUSE
  63:./libraries/drivers/src/at32f413_debug.c ****   *         - DEBUG_TMR1_PAUSE
  64:./libraries/drivers/src/at32f413_debug.c ****   *         - DEBUG_TMR2_PAUSE
  65:./libraries/drivers/src/at32f413_debug.c ****   *         - DEBUG_TMR3_PAUSE
  66:./libraries/drivers/src/at32f413_debug.c ****   *         - DEBUG_TMR4_PAUSE
  67:./libraries/drivers/src/at32f413_debug.c ****   *         - DEBUG_CAN1_PAUSE
  68:./libraries/drivers/src/at32f413_debug.c ****   *         - DEBUG_I2C1_SMBUS_TIMEOUT
  69:./libraries/drivers/src/at32f413_debug.c ****   *         - DEBUG_I2C2_SMBUS_TIMEOUT
  70:./libraries/drivers/src/at32f413_debug.c ****   *         - DEBUG_TMR8_PAUSE
  71:./libraries/drivers/src/at32f413_debug.c ****   *         - DEBUG_TMR5_PAUSE
  72:./libraries/drivers/src/at32f413_debug.c ****   *         - DEBUG_CAN2_PAUSE
  73:./libraries/drivers/src/at32f413_debug.c ****   *         - DEBUG_TMR9_PAUSE
  74:./libraries/drivers/src/at32f413_debug.c ****   *         - DEBUG_TMR10_PAUSE
  75:./libraries/drivers/src/at32f413_debug.c ****   *         - DEBUG_TMR11_PAUSE
  76:./libraries/drivers/src/at32f413_debug.c ****   * @param  new_state (TRUE or FALSE)
  77:./libraries/drivers/src/at32f413_debug.c ****   * @retval none
  78:./libraries/drivers/src/at32f413_debug.c ****   */
  79:./libraries/drivers/src/at32f413_debug.c **** void debug_periph_mode_set(uint32_t periph_debug_mode, confirm_state new_state)
  80:./libraries/drivers/src/at32f413_debug.c **** {
  58              		.loc 1 80 1 is_stmt 1 view -0
  59              		.cfi_startproc
  60              		@ args = 0, pretend = 0, frame = 0
  61              		@ frame_needed = 0, uses_anonymous_args = 0
  62              		@ link register save eliminated.
  81:./libraries/drivers/src/at32f413_debug.c **** 
  82:./libraries/drivers/src/at32f413_debug.c ****   if(new_state != FALSE)
  63              		.loc 1 82 3 view .LVU5
  64              		.loc 1 82 5 is_stmt 0 view .LVU6
  65 0000 21B1     		cbz	r1, .L5
  83:./libraries/drivers/src/at32f413_debug.c ****   {
  84:./libraries/drivers/src/at32f413_debug.c ****     DEBUGMCU->ctrl |= periph_debug_mode;
  66              		.loc 1 84 5 is_stmt 1 view .LVU7
  67              		.loc 1 84 20 is_stmt 0 view .LVU8
  68 0002 054A     		ldr	r2, .L7
  69 0004 5368     		ldr	r3, [r2, #4]
  70 0006 1843     		orrs	r0, r0, r3
  71              	.LVL1:
  72              		.loc 1 84 20 view .LVU9
  73 0008 5060     		str	r0, [r2, #4]
  74 000a 7047     		bx	lr
  75              	.LVL2:
  76              	.L5:
  85:./libraries/drivers/src/at32f413_debug.c ****   }
  86:./libraries/drivers/src/at32f413_debug.c ****   else
  87:./libraries/drivers/src/at32f413_debug.c ****   {
  88:./libraries/drivers/src/at32f413_debug.c ****     DEBUGMCU->ctrl &= ~periph_debug_mode;
  77              		.loc 1 88 5 is_stmt 1 view .LVU10
  78              		.loc 1 88 20 is_stmt 0 view .LVU11
  79 000c 024A     		ldr	r2, .L7
  80 000e 5368     		ldr	r3, [r2, #4]
  81 0010 23EA0000 		bic	r0, r3, r0
  82              	.LVL3:
  83              		.loc 1 88 20 view .LVU12
  84 0014 5060     		str	r0, [r2, #4]
  89:./libraries/drivers/src/at32f413_debug.c ****   }
  90:./libraries/drivers/src/at32f413_debug.c **** }
ARM GAS  C:\Users\J\AppData\Local\Temp\ccxMSMqH.s 			page 4


  85              		.loc 1 90 1 view .LVU13
  86 0016 7047     		bx	lr
  87              	.L8:
  88              		.align	2
  89              	.L7:
  90 0018 002004E0 		.word	-536600576
  91              		.cfi_endproc
  92              	.LFE134:
  94              		.text
  95              	.Letext0:
  96              		.file 2 "c:\\gcc-arm-none-eabi-10.3-2021.07\\arm-none-eabi\\include\\machine\\_default_types.h"
  97              		.file 3 "c:\\gcc-arm-none-eabi-10.3-2021.07\\arm-none-eabi\\include\\sys\\_stdint.h"
  98              		.file 4 "./libraries/cmsis/cm4/device_support/at32f413.h"
  99              		.file 5 "./libraries/drivers/inc/at32f413_debug.h"
ARM GAS  C:\Users\J\AppData\Local\Temp\ccxMSMqH.s 			page 5


DEFINED SYMBOLS
                            *ABS*:00000000 at32f413_debug.c
C:\Users\J\AppData\Local\Temp\ccxMSMqH.s:18     .text.debug_device_id_get:00000000 $t
C:\Users\J\AppData\Local\Temp\ccxMSMqH.s:26     .text.debug_device_id_get:00000000 debug_device_id_get
C:\Users\J\AppData\Local\Temp\ccxMSMqH.s:43     .text.debug_device_id_get:00000008 $d
C:\Users\J\AppData\Local\Temp\ccxMSMqH.s:48     .text.debug_periph_mode_set:00000000 $t
C:\Users\J\AppData\Local\Temp\ccxMSMqH.s:55     .text.debug_periph_mode_set:00000000 debug_periph_mode_set
C:\Users\J\AppData\Local\Temp\ccxMSMqH.s:90     .text.debug_periph_mode_set:00000018 $d

NO UNDEFINED SYMBOLS
