ARM GAS  C:\Users\J\AppData\Local\Temp\ccYuBcfJ.s 			page 1


   1              		.cpu cortex-m4
   2              		.eabi_attribute 27, 1
   3              		.eabi_attribute 28, 1
   4              		.eabi_attribute 20, 1
   5              		.eabi_attribute 21, 1
   6              		.eabi_attribute 23, 3
   7              		.eabi_attribute 24, 1
   8              		.eabi_attribute 25, 1
   9              		.eabi_attribute 26, 1
  10              		.eabi_attribute 30, 1
  11              		.eabi_attribute 34, 1
  12              		.eabi_attribute 18, 4
  13              		.file	"at32f413_wwdt.c"
  14              		.text
  15              	.Ltext0:
  16              		.cfi_sections	.debug_frame
  17              		.section	.text.wwdt_reset,"ax",%progbits
  18              		.align	1
  19              		.global	wwdt_reset
  20              		.arch armv7e-m
  21              		.syntax unified
  22              		.thumb
  23              		.thumb_func
  24              		.fpu fpv4-sp-d16
  26              	wwdt_reset:
  27              	.LFB133:
  28              		.file 1 "./libraries/drivers/src/at32f413_wwdt.c"
   1:./libraries/drivers/src/at32f413_wwdt.c **** /**
   2:./libraries/drivers/src/at32f413_wwdt.c ****   **************************************************************************
   3:./libraries/drivers/src/at32f413_wwdt.c ****   * @file     at32f413_wwdt.c
   4:./libraries/drivers/src/at32f413_wwdt.c ****   * @version  v2.0.5
   5:./libraries/drivers/src/at32f413_wwdt.c ****   * @date     2022-05-20
   6:./libraries/drivers/src/at32f413_wwdt.c ****   * @brief    contains all the functions for the wwdt firmware library
   7:./libraries/drivers/src/at32f413_wwdt.c ****   **************************************************************************
   8:./libraries/drivers/src/at32f413_wwdt.c ****   *                       Copyright notice & Disclaimer
   9:./libraries/drivers/src/at32f413_wwdt.c ****   *
  10:./libraries/drivers/src/at32f413_wwdt.c ****   * The software Board Support Package (BSP) that is made available to
  11:./libraries/drivers/src/at32f413_wwdt.c ****   * download from Artery official website is the copyrighted work of Artery.
  12:./libraries/drivers/src/at32f413_wwdt.c ****   * Artery authorizes customers to use, copy, and distribute the BSP
  13:./libraries/drivers/src/at32f413_wwdt.c ****   * software and its related documentation for the purpose of design and
  14:./libraries/drivers/src/at32f413_wwdt.c ****   * development in conjunction with Artery microcontrollers. Use of the
  15:./libraries/drivers/src/at32f413_wwdt.c ****   * software is governed by this copyright notice and the following disclaimer.
  16:./libraries/drivers/src/at32f413_wwdt.c ****   *
  17:./libraries/drivers/src/at32f413_wwdt.c ****   * THIS SOFTWARE IS PROVIDED ON "AS IS" BASIS WITHOUT WARRANTIES,
  18:./libraries/drivers/src/at32f413_wwdt.c ****   * GUARANTEES OR REPRESENTATIONS OF ANY KIND. ARTERY EXPRESSLY DISCLAIMS,
  19:./libraries/drivers/src/at32f413_wwdt.c ****   * TO THE FULLEST EXTENT PERMITTED BY LAW, ALL EXPRESS, IMPLIED OR
  20:./libraries/drivers/src/at32f413_wwdt.c ****   * STATUTORY OR OTHER WARRANTIES, GUARANTEES OR REPRESENTATIONS,
  21:./libraries/drivers/src/at32f413_wwdt.c ****   * INCLUDING BUT NOT LIMITED TO, THE IMPLIED WARRANTIES OF MERCHANTABILITY,
  22:./libraries/drivers/src/at32f413_wwdt.c ****   * FITNESS FOR A PARTICULAR PURPOSE, OR NON-INFRINGEMENT.
  23:./libraries/drivers/src/at32f413_wwdt.c ****   *
  24:./libraries/drivers/src/at32f413_wwdt.c ****   **************************************************************************
  25:./libraries/drivers/src/at32f413_wwdt.c ****   */
  26:./libraries/drivers/src/at32f413_wwdt.c **** 
  27:./libraries/drivers/src/at32f413_wwdt.c **** #include "at32f413_conf.h"
  28:./libraries/drivers/src/at32f413_wwdt.c **** 
  29:./libraries/drivers/src/at32f413_wwdt.c **** /** @addtogroup AT32F413_periph_driver
  30:./libraries/drivers/src/at32f413_wwdt.c ****   * @{
ARM GAS  C:\Users\J\AppData\Local\Temp\ccYuBcfJ.s 			page 2


  31:./libraries/drivers/src/at32f413_wwdt.c ****   */
  32:./libraries/drivers/src/at32f413_wwdt.c **** 
  33:./libraries/drivers/src/at32f413_wwdt.c **** /** @defgroup WWDT
  34:./libraries/drivers/src/at32f413_wwdt.c ****   * @brief WWDT driver modules
  35:./libraries/drivers/src/at32f413_wwdt.c ****   * @{
  36:./libraries/drivers/src/at32f413_wwdt.c ****   */
  37:./libraries/drivers/src/at32f413_wwdt.c **** 
  38:./libraries/drivers/src/at32f413_wwdt.c **** #ifdef WWDT_MODULE_ENABLED
  39:./libraries/drivers/src/at32f413_wwdt.c **** 
  40:./libraries/drivers/src/at32f413_wwdt.c **** /** @defgroup WWDT_private_functions
  41:./libraries/drivers/src/at32f413_wwdt.c ****   * @{
  42:./libraries/drivers/src/at32f413_wwdt.c ****   */
  43:./libraries/drivers/src/at32f413_wwdt.c **** 
  44:./libraries/drivers/src/at32f413_wwdt.c **** /**
  45:./libraries/drivers/src/at32f413_wwdt.c ****   * @brief  wwdt reset by crm reset register
  46:./libraries/drivers/src/at32f413_wwdt.c ****   * @retval none
  47:./libraries/drivers/src/at32f413_wwdt.c ****   */
  48:./libraries/drivers/src/at32f413_wwdt.c **** void wwdt_reset(void)
  49:./libraries/drivers/src/at32f413_wwdt.c **** {
  29              		.loc 1 49 1 view -0
  30              		.cfi_startproc
  31              		@ args = 0, pretend = 0, frame = 0
  32              		@ frame_needed = 0, uses_anonymous_args = 0
  33 0000 10B5     		push	{r4, lr}
  34              	.LCFI0:
  35              		.cfi_def_cfa_offset 8
  36              		.cfi_offset 4, -8
  37              		.cfi_offset 14, -4
  50:./libraries/drivers/src/at32f413_wwdt.c ****   crm_periph_reset(CRM_WWDT_PERIPH_RESET, TRUE);
  38              		.loc 1 50 3 view .LVU1
  39 0002 054C     		ldr	r4, .L3
  40 0004 0121     		movs	r1, #1
  41 0006 2046     		mov	r0, r4
  42 0008 FFF7FEFF 		bl	crm_periph_reset
  43              	.LVL0:
  51:./libraries/drivers/src/at32f413_wwdt.c ****   crm_periph_reset(CRM_WWDT_PERIPH_RESET, FALSE);
  44              		.loc 1 51 3 view .LVU2
  45 000c 0021     		movs	r1, #0
  46 000e 2046     		mov	r0, r4
  47 0010 FFF7FEFF 		bl	crm_periph_reset
  48              	.LVL1:
  52:./libraries/drivers/src/at32f413_wwdt.c **** }
  49              		.loc 1 52 1 is_stmt 0 view .LVU3
  50 0014 10BD     		pop	{r4, pc}
  51              	.L4:
  52 0016 00BF     		.align	2
  53              	.L3:
  54 0018 0B001000 		.word	1048587
  55              		.cfi_endproc
  56              	.LFE133:
  58              		.section	.text.wwdt_divider_set,"ax",%progbits
  59              		.align	1
  60              		.global	wwdt_divider_set
  61              		.syntax unified
  62              		.thumb
  63              		.thumb_func
  64              		.fpu fpv4-sp-d16
ARM GAS  C:\Users\J\AppData\Local\Temp\ccYuBcfJ.s 			page 3


  66              	wwdt_divider_set:
  67              	.LVL2:
  68              	.LFB134:
  53:./libraries/drivers/src/at32f413_wwdt.c **** 
  54:./libraries/drivers/src/at32f413_wwdt.c **** /**
  55:./libraries/drivers/src/at32f413_wwdt.c ****   * @brief  wwdt division set
  56:./libraries/drivers/src/at32f413_wwdt.c ****   * @param  division
  57:./libraries/drivers/src/at32f413_wwdt.c ****   *         this parameter can be one of the following values:
  58:./libraries/drivers/src/at32f413_wwdt.c ****   *         - WWDT_PCLK1_DIV_4096        (wwdt counter clock = (pclk1/4096)/1)
  59:./libraries/drivers/src/at32f413_wwdt.c ****   *         - WWDT_PCLK1_DIV_8192        (wwdt counter clock = (pclk1/4096)/2)
  60:./libraries/drivers/src/at32f413_wwdt.c ****   *         - WWDT_PCLK1_DIV_16384       (wwdt counter clock = (pclk1/4096)/4)
  61:./libraries/drivers/src/at32f413_wwdt.c ****   *         - WWDT_PCLK1_DIV_32768       (wwdt counter clock = (pclk1/4096)/8)
  62:./libraries/drivers/src/at32f413_wwdt.c ****   * @retval none
  63:./libraries/drivers/src/at32f413_wwdt.c ****   */
  64:./libraries/drivers/src/at32f413_wwdt.c **** void wwdt_divider_set(wwdt_division_type division)
  65:./libraries/drivers/src/at32f413_wwdt.c **** {
  69              		.loc 1 65 1 is_stmt 1 view -0
  70              		.cfi_startproc
  71              		@ args = 0, pretend = 0, frame = 0
  72              		@ frame_needed = 0, uses_anonymous_args = 0
  73              		@ link register save eliminated.
  66:./libraries/drivers/src/at32f413_wwdt.c ****   WWDT->cfg_bit.div = division;
  74              		.loc 1 66 3 view .LVU5
  75              		.loc 1 66 21 is_stmt 0 view .LVU6
  76 0000 024B     		ldr	r3, .L6
  77 0002 5A68     		ldr	r2, [r3, #4]
  78 0004 60F3C812 		bfi	r2, r0, #7, #2
  79 0008 5A60     		str	r2, [r3, #4]
  67:./libraries/drivers/src/at32f413_wwdt.c **** }
  80              		.loc 1 67 1 view .LVU7
  81 000a 7047     		bx	lr
  82              	.L7:
  83              		.align	2
  84              	.L6:
  85 000c 002C0040 		.word	1073753088
  86              		.cfi_endproc
  87              	.LFE134:
  89              		.section	.text.wwdt_flag_clear,"ax",%progbits
  90              		.align	1
  91              		.global	wwdt_flag_clear
  92              		.syntax unified
  93              		.thumb
  94              		.thumb_func
  95              		.fpu fpv4-sp-d16
  97              	wwdt_flag_clear:
  98              	.LFB135:
  68:./libraries/drivers/src/at32f413_wwdt.c **** 
  69:./libraries/drivers/src/at32f413_wwdt.c **** /**
  70:./libraries/drivers/src/at32f413_wwdt.c ****   * @brief  wwdt reload counter interrupt flag clear
  71:./libraries/drivers/src/at32f413_wwdt.c ****   * @param  none
  72:./libraries/drivers/src/at32f413_wwdt.c ****   * @retval none
  73:./libraries/drivers/src/at32f413_wwdt.c ****   */
  74:./libraries/drivers/src/at32f413_wwdt.c **** void wwdt_flag_clear(void)
  75:./libraries/drivers/src/at32f413_wwdt.c **** {
  99              		.loc 1 75 1 is_stmt 1 view -0
 100              		.cfi_startproc
 101              		@ args = 0, pretend = 0, frame = 0
ARM GAS  C:\Users\J\AppData\Local\Temp\ccYuBcfJ.s 			page 4


 102              		@ frame_needed = 0, uses_anonymous_args = 0
 103              		@ link register save eliminated.
  76:./libraries/drivers/src/at32f413_wwdt.c ****   WWDT->sts = 0;
 104              		.loc 1 76 3 view .LVU9
 105              		.loc 1 76 13 is_stmt 0 view .LVU10
 106 0000 014B     		ldr	r3, .L9
 107 0002 0022     		movs	r2, #0
 108 0004 9A60     		str	r2, [r3, #8]
  77:./libraries/drivers/src/at32f413_wwdt.c **** }
 109              		.loc 1 77 1 view .LVU11
 110 0006 7047     		bx	lr
 111              	.L10:
 112              		.align	2
 113              	.L9:
 114 0008 002C0040 		.word	1073753088
 115              		.cfi_endproc
 116              	.LFE135:
 118              		.section	.text.wwdt_enable,"ax",%progbits
 119              		.align	1
 120              		.global	wwdt_enable
 121              		.syntax unified
 122              		.thumb
 123              		.thumb_func
 124              		.fpu fpv4-sp-d16
 126              	wwdt_enable:
 127              	.LVL3:
 128              	.LFB136:
  78:./libraries/drivers/src/at32f413_wwdt.c **** 
  79:./libraries/drivers/src/at32f413_wwdt.c **** /**
  80:./libraries/drivers/src/at32f413_wwdt.c ****   * @brief  wwdt enable and the counter value load
  81:./libraries/drivers/src/at32f413_wwdt.c ****   * @param  wwdt_cnt (0x40~0x7f)
  82:./libraries/drivers/src/at32f413_wwdt.c ****   * @retval none
  83:./libraries/drivers/src/at32f413_wwdt.c ****   */
  84:./libraries/drivers/src/at32f413_wwdt.c **** void wwdt_enable(uint8_t wwdt_cnt)
  85:./libraries/drivers/src/at32f413_wwdt.c **** {
 129              		.loc 1 85 1 is_stmt 1 view -0
 130              		.cfi_startproc
 131              		@ args = 0, pretend = 0, frame = 0
 132              		@ frame_needed = 0, uses_anonymous_args = 0
 133              		@ link register save eliminated.
  86:./libraries/drivers/src/at32f413_wwdt.c ****   WWDT->ctrl = wwdt_cnt | WWDT_EN_BIT;
 134              		.loc 1 86 3 view .LVU13
 135              		.loc 1 86 25 is_stmt 0 view .LVU14
 136 0000 40F08000 		orr	r0, r0, #128
 137              	.LVL4:
 138              		.loc 1 86 14 view .LVU15
 139 0004 014B     		ldr	r3, .L12
 140 0006 1860     		str	r0, [r3]
  87:./libraries/drivers/src/at32f413_wwdt.c **** }
 141              		.loc 1 87 1 view .LVU16
 142 0008 7047     		bx	lr
 143              	.L13:
 144 000a 00BF     		.align	2
 145              	.L12:
 146 000c 002C0040 		.word	1073753088
 147              		.cfi_endproc
 148              	.LFE136:
ARM GAS  C:\Users\J\AppData\Local\Temp\ccYuBcfJ.s 			page 5


 150              		.section	.text.wwdt_interrupt_enable,"ax",%progbits
 151              		.align	1
 152              		.global	wwdt_interrupt_enable
 153              		.syntax unified
 154              		.thumb
 155              		.thumb_func
 156              		.fpu fpv4-sp-d16
 158              	wwdt_interrupt_enable:
 159              	.LFB137:
  88:./libraries/drivers/src/at32f413_wwdt.c **** 
  89:./libraries/drivers/src/at32f413_wwdt.c **** /**
  90:./libraries/drivers/src/at32f413_wwdt.c ****   * @brief  wwdt reload counter interrupt enable
  91:./libraries/drivers/src/at32f413_wwdt.c ****   * @param  none
  92:./libraries/drivers/src/at32f413_wwdt.c ****   * @retval none
  93:./libraries/drivers/src/at32f413_wwdt.c ****   */
  94:./libraries/drivers/src/at32f413_wwdt.c **** void wwdt_interrupt_enable(void)
  95:./libraries/drivers/src/at32f413_wwdt.c **** {
 160              		.loc 1 95 1 is_stmt 1 view -0
 161              		.cfi_startproc
 162              		@ args = 0, pretend = 0, frame = 0
 163              		@ frame_needed = 0, uses_anonymous_args = 0
 164              		@ link register save eliminated.
  96:./libraries/drivers/src/at32f413_wwdt.c ****   WWDT->cfg_bit.rldien = TRUE;
 165              		.loc 1 96 3 view .LVU18
 166              		.loc 1 96 24 is_stmt 0 view .LVU19
 167 0000 024A     		ldr	r2, .L15
 168 0002 5368     		ldr	r3, [r2, #4]
 169 0004 43F40073 		orr	r3, r3, #512
 170 0008 5360     		str	r3, [r2, #4]
  97:./libraries/drivers/src/at32f413_wwdt.c **** }
 171              		.loc 1 97 1 view .LVU20
 172 000a 7047     		bx	lr
 173              	.L16:
 174              		.align	2
 175              	.L15:
 176 000c 002C0040 		.word	1073753088
 177              		.cfi_endproc
 178              	.LFE137:
 180              		.section	.text.wwdt_flag_get,"ax",%progbits
 181              		.align	1
 182              		.global	wwdt_flag_get
 183              		.syntax unified
 184              		.thumb
 185              		.thumb_func
 186              		.fpu fpv4-sp-d16
 188              	wwdt_flag_get:
 189              	.LFB138:
  98:./libraries/drivers/src/at32f413_wwdt.c **** 
  99:./libraries/drivers/src/at32f413_wwdt.c **** /**
 100:./libraries/drivers/src/at32f413_wwdt.c ****   * @brief  wwdt reload counter interrupt flag get
 101:./libraries/drivers/src/at32f413_wwdt.c ****   * @param  none
 102:./libraries/drivers/src/at32f413_wwdt.c ****   * @retval state of reload counter interrupt flag
 103:./libraries/drivers/src/at32f413_wwdt.c ****   */
 104:./libraries/drivers/src/at32f413_wwdt.c **** flag_status wwdt_flag_get(void)
 105:./libraries/drivers/src/at32f413_wwdt.c **** {
 190              		.loc 1 105 1 is_stmt 1 view -0
 191              		.cfi_startproc
ARM GAS  C:\Users\J\AppData\Local\Temp\ccYuBcfJ.s 			page 6


 192              		@ args = 0, pretend = 0, frame = 0
 193              		@ frame_needed = 0, uses_anonymous_args = 0
 194              		@ link register save eliminated.
 106:./libraries/drivers/src/at32f413_wwdt.c ****   return (flag_status)WWDT->sts_bit.rldf;
 195              		.loc 1 106 3 view .LVU22
 196              		.loc 1 106 36 is_stmt 0 view .LVU23
 197 0000 024B     		ldr	r3, .L18
 198 0002 9868     		ldr	r0, [r3, #8]
 107:./libraries/drivers/src/at32f413_wwdt.c **** }
 199              		.loc 1 107 1 view .LVU24
 200 0004 00F00100 		and	r0, r0, #1
 201 0008 7047     		bx	lr
 202              	.L19:
 203 000a 00BF     		.align	2
 204              	.L18:
 205 000c 002C0040 		.word	1073753088
 206              		.cfi_endproc
 207              	.LFE138:
 209              		.section	.text.wwdt_counter_set,"ax",%progbits
 210              		.align	1
 211              		.global	wwdt_counter_set
 212              		.syntax unified
 213              		.thumb
 214              		.thumb_func
 215              		.fpu fpv4-sp-d16
 217              	wwdt_counter_set:
 218              	.LVL5:
 219              	.LFB139:
 108:./libraries/drivers/src/at32f413_wwdt.c **** 
 109:./libraries/drivers/src/at32f413_wwdt.c **** /**
 110:./libraries/drivers/src/at32f413_wwdt.c ****   * @brief  wwdt counter value set
 111:./libraries/drivers/src/at32f413_wwdt.c ****   * @param  wwdt_cnt (0x40~0x7f)
 112:./libraries/drivers/src/at32f413_wwdt.c ****   * @retval none
 113:./libraries/drivers/src/at32f413_wwdt.c ****   */
 114:./libraries/drivers/src/at32f413_wwdt.c **** void wwdt_counter_set(uint8_t wwdt_cnt)
 115:./libraries/drivers/src/at32f413_wwdt.c **** {
 220              		.loc 1 115 1 is_stmt 1 view -0
 221              		.cfi_startproc
 222              		@ args = 0, pretend = 0, frame = 0
 223              		@ frame_needed = 0, uses_anonymous_args = 0
 224              		@ link register save eliminated.
 116:./libraries/drivers/src/at32f413_wwdt.c ****   WWDT->ctrl_bit.cnt = wwdt_cnt;
 225              		.loc 1 116 3 view .LVU26
 226              		.loc 1 116 22 is_stmt 0 view .LVU27
 227 0000 024B     		ldr	r3, .L21
 228 0002 1A68     		ldr	r2, [r3]
 229 0004 60F30602 		bfi	r2, r0, #0, #7
 230 0008 1A60     		str	r2, [r3]
 117:./libraries/drivers/src/at32f413_wwdt.c **** }
 231              		.loc 1 117 1 view .LVU28
 232 000a 7047     		bx	lr
 233              	.L22:
 234              		.align	2
 235              	.L21:
 236 000c 002C0040 		.word	1073753088
 237              		.cfi_endproc
 238              	.LFE139:
ARM GAS  C:\Users\J\AppData\Local\Temp\ccYuBcfJ.s 			page 7


 240              		.section	.text.wwdt_window_counter_set,"ax",%progbits
 241              		.align	1
 242              		.global	wwdt_window_counter_set
 243              		.syntax unified
 244              		.thumb
 245              		.thumb_func
 246              		.fpu fpv4-sp-d16
 248              	wwdt_window_counter_set:
 249              	.LVL6:
 250              	.LFB140:
 118:./libraries/drivers/src/at32f413_wwdt.c **** 
 119:./libraries/drivers/src/at32f413_wwdt.c **** /**
 120:./libraries/drivers/src/at32f413_wwdt.c ****   * @brief  wwdt window counter value set
 121:./libraries/drivers/src/at32f413_wwdt.c ****   * @param  window_cnt (0x40~0x7f)
 122:./libraries/drivers/src/at32f413_wwdt.c ****   * @retval none
 123:./libraries/drivers/src/at32f413_wwdt.c ****   */
 124:./libraries/drivers/src/at32f413_wwdt.c **** void wwdt_window_counter_set(uint8_t window_cnt)
 125:./libraries/drivers/src/at32f413_wwdt.c **** {
 251              		.loc 1 125 1 is_stmt 1 view -0
 252              		.cfi_startproc
 253              		@ args = 0, pretend = 0, frame = 0
 254              		@ frame_needed = 0, uses_anonymous_args = 0
 255              		@ link register save eliminated.
 126:./libraries/drivers/src/at32f413_wwdt.c ****   WWDT->cfg_bit.win = window_cnt;
 256              		.loc 1 126 3 view .LVU30
 257              		.loc 1 126 21 is_stmt 0 view .LVU31
 258 0000 024B     		ldr	r3, .L24
 259 0002 5A68     		ldr	r2, [r3, #4]
 260 0004 60F30602 		bfi	r2, r0, #0, #7
 261 0008 5A60     		str	r2, [r3, #4]
 127:./libraries/drivers/src/at32f413_wwdt.c **** }
 262              		.loc 1 127 1 view .LVU32
 263 000a 7047     		bx	lr
 264              	.L25:
 265              		.align	2
 266              	.L24:
 267 000c 002C0040 		.word	1073753088
 268              		.cfi_endproc
 269              	.LFE140:
 271              		.text
 272              	.Letext0:
 273              		.file 2 "c:\\gcc-arm-none-eabi-10.3-2021.07\\arm-none-eabi\\include\\machine\\_default_types.h"
 274              		.file 3 "c:\\gcc-arm-none-eabi-10.3-2021.07\\arm-none-eabi\\include\\sys\\_stdint.h"
 275              		.file 4 "./libraries/cmsis/cm4/device_support/at32f413.h"
 276              		.file 5 "./libraries/drivers/inc/at32f413_crm.h"
 277              		.file 6 "./libraries/drivers/inc/at32f413_wwdt.h"
ARM GAS  C:\Users\J\AppData\Local\Temp\ccYuBcfJ.s 			page 8


DEFINED SYMBOLS
                            *ABS*:00000000 at32f413_wwdt.c
C:\Users\J\AppData\Local\Temp\ccYuBcfJ.s:18     .text.wwdt_reset:00000000 $t
C:\Users\J\AppData\Local\Temp\ccYuBcfJ.s:26     .text.wwdt_reset:00000000 wwdt_reset
C:\Users\J\AppData\Local\Temp\ccYuBcfJ.s:54     .text.wwdt_reset:00000018 $d
C:\Users\J\AppData\Local\Temp\ccYuBcfJ.s:59     .text.wwdt_divider_set:00000000 $t
C:\Users\J\AppData\Local\Temp\ccYuBcfJ.s:66     .text.wwdt_divider_set:00000000 wwdt_divider_set
C:\Users\J\AppData\Local\Temp\ccYuBcfJ.s:85     .text.wwdt_divider_set:0000000c $d
C:\Users\J\AppData\Local\Temp\ccYuBcfJ.s:90     .text.wwdt_flag_clear:00000000 $t
C:\Users\J\AppData\Local\Temp\ccYuBcfJ.s:97     .text.wwdt_flag_clear:00000000 wwdt_flag_clear
C:\Users\J\AppData\Local\Temp\ccYuBcfJ.s:114    .text.wwdt_flag_clear:00000008 $d
C:\Users\J\AppData\Local\Temp\ccYuBcfJ.s:119    .text.wwdt_enable:00000000 $t
C:\Users\J\AppData\Local\Temp\ccYuBcfJ.s:126    .text.wwdt_enable:00000000 wwdt_enable
C:\Users\J\AppData\Local\Temp\ccYuBcfJ.s:146    .text.wwdt_enable:0000000c $d
C:\Users\J\AppData\Local\Temp\ccYuBcfJ.s:151    .text.wwdt_interrupt_enable:00000000 $t
C:\Users\J\AppData\Local\Temp\ccYuBcfJ.s:158    .text.wwdt_interrupt_enable:00000000 wwdt_interrupt_enable
C:\Users\J\AppData\Local\Temp\ccYuBcfJ.s:176    .text.wwdt_interrupt_enable:0000000c $d
C:\Users\J\AppData\Local\Temp\ccYuBcfJ.s:181    .text.wwdt_flag_get:00000000 $t
C:\Users\J\AppData\Local\Temp\ccYuBcfJ.s:188    .text.wwdt_flag_get:00000000 wwdt_flag_get
C:\Users\J\AppData\Local\Temp\ccYuBcfJ.s:205    .text.wwdt_flag_get:0000000c $d
C:\Users\J\AppData\Local\Temp\ccYuBcfJ.s:210    .text.wwdt_counter_set:00000000 $t
C:\Users\J\AppData\Local\Temp\ccYuBcfJ.s:217    .text.wwdt_counter_set:00000000 wwdt_counter_set
C:\Users\J\AppData\Local\Temp\ccYuBcfJ.s:236    .text.wwdt_counter_set:0000000c $d
C:\Users\J\AppData\Local\Temp\ccYuBcfJ.s:241    .text.wwdt_window_counter_set:00000000 $t
C:\Users\J\AppData\Local\Temp\ccYuBcfJ.s:248    .text.wwdt_window_counter_set:00000000 wwdt_window_counter_set
C:\Users\J\AppData\Local\Temp\ccYuBcfJ.s:267    .text.wwdt_window_counter_set:0000000c $d

UNDEFINED SYMBOLS
crm_periph_reset
