ARM GAS  C:\Users\J\AppData\Local\Temp\ccXVXPBq.s 			page 1


   1              		.cpu cortex-m4
   2              		.eabi_attribute 27, 1
   3              		.eabi_attribute 28, 1
   4              		.eabi_attribute 20, 1
   5              		.eabi_attribute 21, 1
   6              		.eabi_attribute 23, 3
   7              		.eabi_attribute 24, 1
   8              		.eabi_attribute 25, 1
   9              		.eabi_attribute 26, 1
  10              		.eabi_attribute 30, 1
  11              		.eabi_attribute 34, 1
  12              		.eabi_attribute 18, 4
  13              		.file	"at32f413_crc.c"
  14              		.text
  15              	.Ltext0:
  16              		.cfi_sections	.debug_frame
  17              		.section	.text.crc_data_reset,"ax",%progbits
  18              		.align	1
  19              		.global	crc_data_reset
  20              		.arch armv7e-m
  21              		.syntax unified
  22              		.thumb
  23              		.thumb_func
  24              		.fpu fpv4-sp-d16
  26              	crc_data_reset:
  27              	.LFB133:
  28              		.file 1 "./libraries/drivers/src/at32f413_crc.c"
   1:./libraries/drivers/src/at32f413_crc.c **** /**
   2:./libraries/drivers/src/at32f413_crc.c ****   **************************************************************************
   3:./libraries/drivers/src/at32f413_crc.c ****   * @file     at32f413_crc.c
   4:./libraries/drivers/src/at32f413_crc.c ****   * @version  v2.0.5
   5:./libraries/drivers/src/at32f413_crc.c ****   * @date     2022-05-20
   6:./libraries/drivers/src/at32f413_crc.c ****   * @brief    contains all the functions for the crc firmware library
   7:./libraries/drivers/src/at32f413_crc.c ****   **************************************************************************
   8:./libraries/drivers/src/at32f413_crc.c ****   *                       Copyright notice & Disclaimer
   9:./libraries/drivers/src/at32f413_crc.c ****   *
  10:./libraries/drivers/src/at32f413_crc.c ****   * The software Board Support Package (BSP) that is made available to
  11:./libraries/drivers/src/at32f413_crc.c ****   * download from Artery official website is the copyrighted work of Artery.
  12:./libraries/drivers/src/at32f413_crc.c ****   * Artery authorizes customers to use, copy, and distribute the BSP
  13:./libraries/drivers/src/at32f413_crc.c ****   * software and its related documentation for the purpose of design and
  14:./libraries/drivers/src/at32f413_crc.c ****   * development in conjunction with Artery microcontrollers. Use of the
  15:./libraries/drivers/src/at32f413_crc.c ****   * software is governed by this copyright notice and the following disclaimer.
  16:./libraries/drivers/src/at32f413_crc.c ****   *
  17:./libraries/drivers/src/at32f413_crc.c ****   * THIS SOFTWARE IS PROVIDED ON "AS IS" BASIS WITHOUT WARRANTIES,
  18:./libraries/drivers/src/at32f413_crc.c ****   * GUARANTEES OR REPRESENTATIONS OF ANY KIND. ARTERY EXPRESSLY DISCLAIMS,
  19:./libraries/drivers/src/at32f413_crc.c ****   * TO THE FULLEST EXTENT PERMITTED BY LAW, ALL EXPRESS, IMPLIED OR
  20:./libraries/drivers/src/at32f413_crc.c ****   * STATUTORY OR OTHER WARRANTIES, GUARANTEES OR REPRESENTATIONS,
  21:./libraries/drivers/src/at32f413_crc.c ****   * INCLUDING BUT NOT LIMITED TO, THE IMPLIED WARRANTIES OF MERCHANTABILITY,
  22:./libraries/drivers/src/at32f413_crc.c ****   * FITNESS FOR A PARTICULAR PURPOSE, OR NON-INFRINGEMENT.
  23:./libraries/drivers/src/at32f413_crc.c ****   *
  24:./libraries/drivers/src/at32f413_crc.c ****   **************************************************************************
  25:./libraries/drivers/src/at32f413_crc.c ****   */
  26:./libraries/drivers/src/at32f413_crc.c **** 
  27:./libraries/drivers/src/at32f413_crc.c **** #include "at32f413_conf.h"
  28:./libraries/drivers/src/at32f413_crc.c **** 
  29:./libraries/drivers/src/at32f413_crc.c **** /** @addtogroup AT32F413_periph_driver
  30:./libraries/drivers/src/at32f413_crc.c ****   * @{
ARM GAS  C:\Users\J\AppData\Local\Temp\ccXVXPBq.s 			page 2


  31:./libraries/drivers/src/at32f413_crc.c ****   */
  32:./libraries/drivers/src/at32f413_crc.c **** 
  33:./libraries/drivers/src/at32f413_crc.c **** /** @defgroup CRC
  34:./libraries/drivers/src/at32f413_crc.c ****   * @brief CRC driver modules
  35:./libraries/drivers/src/at32f413_crc.c ****   * @{
  36:./libraries/drivers/src/at32f413_crc.c ****   */
  37:./libraries/drivers/src/at32f413_crc.c **** 
  38:./libraries/drivers/src/at32f413_crc.c **** #ifdef CRC_MODULE_ENABLED
  39:./libraries/drivers/src/at32f413_crc.c **** 
  40:./libraries/drivers/src/at32f413_crc.c **** /** @defgroup CRC_private_functions
  41:./libraries/drivers/src/at32f413_crc.c ****   * @{
  42:./libraries/drivers/src/at32f413_crc.c ****   */
  43:./libraries/drivers/src/at32f413_crc.c **** 
  44:./libraries/drivers/src/at32f413_crc.c **** /**
  45:./libraries/drivers/src/at32f413_crc.c ****   * @brief  reset the crc data register.
  46:./libraries/drivers/src/at32f413_crc.c ****   * @param  none
  47:./libraries/drivers/src/at32f413_crc.c ****   * @retval none
  48:./libraries/drivers/src/at32f413_crc.c ****   */
  49:./libraries/drivers/src/at32f413_crc.c **** void crc_data_reset(void)
  50:./libraries/drivers/src/at32f413_crc.c **** {
  29              		.loc 1 50 1 view -0
  30              		.cfi_startproc
  31              		@ args = 0, pretend = 0, frame = 0
  32              		@ frame_needed = 0, uses_anonymous_args = 0
  33              		@ link register save eliminated.
  51:./libraries/drivers/src/at32f413_crc.c ****   /* reset crc generator */
  52:./libraries/drivers/src/at32f413_crc.c ****   CRC->ctrl_bit.rst = 0x1;
  34              		.loc 1 52 3 view .LVU1
  35              		.loc 1 52 21 is_stmt 0 view .LVU2
  36 0000 024A     		ldr	r2, .L2
  37 0002 9368     		ldr	r3, [r2, #8]
  38 0004 43F00103 		orr	r3, r3, #1
  39 0008 9360     		str	r3, [r2, #8]
  53:./libraries/drivers/src/at32f413_crc.c **** }
  40              		.loc 1 53 1 view .LVU3
  41 000a 7047     		bx	lr
  42              	.L3:
  43              		.align	2
  44              	.L2:
  45 000c 00300240 		.word	1073885184
  46              		.cfi_endproc
  47              	.LFE133:
  49              		.section	.text.crc_one_word_calculate,"ax",%progbits
  50              		.align	1
  51              		.global	crc_one_word_calculate
  52              		.syntax unified
  53              		.thumb
  54              		.thumb_func
  55              		.fpu fpv4-sp-d16
  57              	crc_one_word_calculate:
  58              	.LVL0:
  59              	.LFB134:
  54:./libraries/drivers/src/at32f413_crc.c **** 
  55:./libraries/drivers/src/at32f413_crc.c **** /**
  56:./libraries/drivers/src/at32f413_crc.c ****   * @brief  compute the 32-bit crc of a given data word(32-bit).
  57:./libraries/drivers/src/at32f413_crc.c ****   * @param  data: data word(32-bit) to compute its crc
  58:./libraries/drivers/src/at32f413_crc.c ****   * @retval 32-bit crc
ARM GAS  C:\Users\J\AppData\Local\Temp\ccXVXPBq.s 			page 3


  59:./libraries/drivers/src/at32f413_crc.c ****   */
  60:./libraries/drivers/src/at32f413_crc.c **** uint32_t crc_one_word_calculate(uint32_t data)
  61:./libraries/drivers/src/at32f413_crc.c **** {
  60              		.loc 1 61 1 is_stmt 1 view -0
  61              		.cfi_startproc
  62              		@ args = 0, pretend = 0, frame = 0
  63              		@ frame_needed = 0, uses_anonymous_args = 0
  64              		@ link register save eliminated.
  62:./libraries/drivers/src/at32f413_crc.c ****   CRC->dt = data;
  65              		.loc 1 62 3 view .LVU5
  66              		.loc 1 62 11 is_stmt 0 view .LVU6
  67 0000 014B     		ldr	r3, .L5
  68 0002 1860     		str	r0, [r3]
  63:./libraries/drivers/src/at32f413_crc.c ****   return (CRC->dt);
  69              		.loc 1 63 3 is_stmt 1 view .LVU7
  70              		.loc 1 63 14 is_stmt 0 view .LVU8
  71 0004 1868     		ldr	r0, [r3]
  72              	.LVL1:
  64:./libraries/drivers/src/at32f413_crc.c **** }
  73              		.loc 1 64 1 view .LVU9
  74 0006 7047     		bx	lr
  75              	.L6:
  76              		.align	2
  77              	.L5:
  78 0008 00300240 		.word	1073885184
  79              		.cfi_endproc
  80              	.LFE134:
  82              		.section	.text.crc_block_calculate,"ax",%progbits
  83              		.align	1
  84              		.global	crc_block_calculate
  85              		.syntax unified
  86              		.thumb
  87              		.thumb_func
  88              		.fpu fpv4-sp-d16
  90              	crc_block_calculate:
  91              	.LVL2:
  92              	.LFB135:
  65:./libraries/drivers/src/at32f413_crc.c **** 
  66:./libraries/drivers/src/at32f413_crc.c **** /**
  67:./libraries/drivers/src/at32f413_crc.c ****   * @brief  compute the 32-bit crc of a given buffer of data word(32-bit).
  68:./libraries/drivers/src/at32f413_crc.c ****   * @param  pbuffer: pointer to the buffer containing the data to be computed
  69:./libraries/drivers/src/at32f413_crc.c ****   * @param  length: length of the buffer to be computed
  70:./libraries/drivers/src/at32f413_crc.c ****   * @retval 32-bit crc
  71:./libraries/drivers/src/at32f413_crc.c ****   */
  72:./libraries/drivers/src/at32f413_crc.c **** uint32_t crc_block_calculate(uint32_t *pbuffer, uint32_t length)
  73:./libraries/drivers/src/at32f413_crc.c **** {
  93              		.loc 1 73 1 is_stmt 1 view -0
  94              		.cfi_startproc
  95              		@ args = 0, pretend = 0, frame = 0
  96              		@ frame_needed = 0, uses_anonymous_args = 0
  97              		@ link register save eliminated.
  74:./libraries/drivers/src/at32f413_crc.c ****   uint32_t index = 0;
  98              		.loc 1 74 3 view .LVU11
  75:./libraries/drivers/src/at32f413_crc.c **** 
  76:./libraries/drivers/src/at32f413_crc.c ****   for(index = 0; index < length; index++)
  99              		.loc 1 76 3 view .LVU12
 100              		.loc 1 76 13 is_stmt 0 view .LVU13
ARM GAS  C:\Users\J\AppData\Local\Temp\ccXVXPBq.s 			page 4


 101 0000 0023     		movs	r3, #0
 102              	.LVL3:
 103              		.loc 1 76 18 is_stmt 1 view .LVU14
 104              		.loc 1 76 3 is_stmt 0 view .LVU15
 105 0002 8B42     		cmp	r3, r1
 106 0004 0CD2     		bcs	.L14
  73:./libraries/drivers/src/at32f413_crc.c ****   uint32_t index = 0;
 107              		.loc 1 73 1 view .LVU16
 108 0006 10B4     		push	{r4}
 109              	.LCFI0:
 110              		.cfi_def_cfa_offset 4
 111              		.cfi_offset 4, -4
 112              	.L9:
  77:./libraries/drivers/src/at32f413_crc.c ****   {
  78:./libraries/drivers/src/at32f413_crc.c ****     CRC->dt = pbuffer[index];
 113              		.loc 1 78 5 is_stmt 1 discriminator 3 view .LVU17
 114              		.loc 1 78 13 is_stmt 0 discriminator 3 view .LVU18
 115 0008 074A     		ldr	r2, .L15
 116 000a 50F82340 		ldr	r4, [r0, r3, lsl #2]
 117 000e 1460     		str	r4, [r2]
  76:./libraries/drivers/src/at32f413_crc.c ****   {
 118              		.loc 1 76 34 is_stmt 1 discriminator 3 view .LVU19
  76:./libraries/drivers/src/at32f413_crc.c ****   {
 119              		.loc 1 76 39 is_stmt 0 discriminator 3 view .LVU20
 120 0010 0133     		adds	r3, r3, #1
 121              	.LVL4:
  76:./libraries/drivers/src/at32f413_crc.c ****   {
 122              		.loc 1 76 18 is_stmt 1 discriminator 3 view .LVU21
  76:./libraries/drivers/src/at32f413_crc.c ****   {
 123              		.loc 1 76 3 is_stmt 0 discriminator 3 view .LVU22
 124 0012 8B42     		cmp	r3, r1
 125 0014 F8D3     		bcc	.L9
  79:./libraries/drivers/src/at32f413_crc.c ****   }
  80:./libraries/drivers/src/at32f413_crc.c **** 
  81:./libraries/drivers/src/at32f413_crc.c ****   return (CRC->dt);
 126              		.loc 1 81 3 is_stmt 1 view .LVU23
 127              		.loc 1 81 14 is_stmt 0 view .LVU24
 128 0016 044B     		ldr	r3, .L15
 129              	.LVL5:
 130              		.loc 1 81 14 view .LVU25
 131 0018 1868     		ldr	r0, [r3]
 132              	.LVL6:
  82:./libraries/drivers/src/at32f413_crc.c **** }
 133              		.loc 1 82 1 view .LVU26
 134 001a 5DF8044B 		ldr	r4, [sp], #4
 135              	.LCFI1:
 136              		.cfi_restore 4
 137              		.cfi_def_cfa_offset 0
 138 001e 7047     		bx	lr
 139              	.LVL7:
 140              	.L14:
  81:./libraries/drivers/src/at32f413_crc.c **** }
 141              		.loc 1 81 3 is_stmt 1 view .LVU27
  81:./libraries/drivers/src/at32f413_crc.c **** }
 142              		.loc 1 81 14 is_stmt 0 view .LVU28
 143 0020 014B     		ldr	r3, .L15
 144              	.LVL8:
ARM GAS  C:\Users\J\AppData\Local\Temp\ccXVXPBq.s 			page 5


  81:./libraries/drivers/src/at32f413_crc.c **** }
 145              		.loc 1 81 14 view .LVU29
 146 0022 1868     		ldr	r0, [r3]
 147              	.LVL9:
 148              		.loc 1 82 1 view .LVU30
 149 0024 7047     		bx	lr
 150              	.L16:
 151 0026 00BF     		.align	2
 152              	.L15:
 153 0028 00300240 		.word	1073885184
 154              		.cfi_endproc
 155              	.LFE135:
 157              		.section	.text.crc_data_get,"ax",%progbits
 158              		.align	1
 159              		.global	crc_data_get
 160              		.syntax unified
 161              		.thumb
 162              		.thumb_func
 163              		.fpu fpv4-sp-d16
 165              	crc_data_get:
 166              	.LFB136:
  83:./libraries/drivers/src/at32f413_crc.c **** 
  84:./libraries/drivers/src/at32f413_crc.c **** /**
  85:./libraries/drivers/src/at32f413_crc.c ****   * @brief  return the current crc value.
  86:./libraries/drivers/src/at32f413_crc.c ****   * @param  none
  87:./libraries/drivers/src/at32f413_crc.c ****   * @retval 32-bit crc
  88:./libraries/drivers/src/at32f413_crc.c ****   */
  89:./libraries/drivers/src/at32f413_crc.c **** uint32_t crc_data_get(void)
  90:./libraries/drivers/src/at32f413_crc.c **** {
 167              		.loc 1 90 1 is_stmt 1 view -0
 168              		.cfi_startproc
 169              		@ args = 0, pretend = 0, frame = 0
 170              		@ frame_needed = 0, uses_anonymous_args = 0
 171              		@ link register save eliminated.
  91:./libraries/drivers/src/at32f413_crc.c ****   return (CRC->dt);
 172              		.loc 1 91 3 view .LVU32
 173              		.loc 1 91 14 is_stmt 0 view .LVU33
 174 0000 014B     		ldr	r3, .L18
 175 0002 1868     		ldr	r0, [r3]
  92:./libraries/drivers/src/at32f413_crc.c **** }
 176              		.loc 1 92 1 view .LVU34
 177 0004 7047     		bx	lr
 178              	.L19:
 179 0006 00BF     		.align	2
 180              	.L18:
 181 0008 00300240 		.word	1073885184
 182              		.cfi_endproc
 183              	.LFE136:
 185              		.section	.text.crc_common_data_set,"ax",%progbits
 186              		.align	1
 187              		.global	crc_common_data_set
 188              		.syntax unified
 189              		.thumb
 190              		.thumb_func
 191              		.fpu fpv4-sp-d16
 193              	crc_common_data_set:
 194              	.LVL10:
ARM GAS  C:\Users\J\AppData\Local\Temp\ccXVXPBq.s 			page 6


 195              	.LFB137:
  93:./libraries/drivers/src/at32f413_crc.c **** 
  94:./libraries/drivers/src/at32f413_crc.c **** /**
  95:./libraries/drivers/src/at32f413_crc.c ****   * @brief  store a 8-bit data in the common data register.
  96:./libraries/drivers/src/at32f413_crc.c ****   * @param  cdt_value: 8-bit value to be stored in the common data register
  97:./libraries/drivers/src/at32f413_crc.c ****   * @retval none
  98:./libraries/drivers/src/at32f413_crc.c ****   */
  99:./libraries/drivers/src/at32f413_crc.c **** void crc_common_data_set(uint8_t cdt_value)
 100:./libraries/drivers/src/at32f413_crc.c **** {
 196              		.loc 1 100 1 is_stmt 1 view -0
 197              		.cfi_startproc
 198              		@ args = 0, pretend = 0, frame = 0
 199              		@ frame_needed = 0, uses_anonymous_args = 0
 200              		@ link register save eliminated.
 101:./libraries/drivers/src/at32f413_crc.c ****   CRC->cdt_bit.cdt = cdt_value;
 201              		.loc 1 101 3 view .LVU36
 202              		.loc 1 101 20 is_stmt 0 view .LVU37
 203 0000 024B     		ldr	r3, .L21
 204 0002 5A68     		ldr	r2, [r3, #4]
 205              	.LVL11:
 206              		.loc 1 101 20 view .LVU38
 207 0004 60F30702 		bfi	r2, r0, #0, #8
 208 0008 5A60     		str	r2, [r3, #4]
 102:./libraries/drivers/src/at32f413_crc.c **** }
 209              		.loc 1 102 1 view .LVU39
 210 000a 7047     		bx	lr
 211              	.L22:
 212              		.align	2
 213              	.L21:
 214 000c 00300240 		.word	1073885184
 215              		.cfi_endproc
 216              	.LFE137:
 218              		.section	.text.crc_common_date_get,"ax",%progbits
 219              		.align	1
 220              		.global	crc_common_date_get
 221              		.syntax unified
 222              		.thumb
 223              		.thumb_func
 224              		.fpu fpv4-sp-d16
 226              	crc_common_date_get:
 227              	.LFB138:
 103:./libraries/drivers/src/at32f413_crc.c **** 
 104:./libraries/drivers/src/at32f413_crc.c **** /**
 105:./libraries/drivers/src/at32f413_crc.c ****   * @brief  return the 8-bit data stored in the common data register
 106:./libraries/drivers/src/at32f413_crc.c ****   * @param  none
 107:./libraries/drivers/src/at32f413_crc.c ****   * @retval 8-bit value of the common data register
 108:./libraries/drivers/src/at32f413_crc.c ****   */
 109:./libraries/drivers/src/at32f413_crc.c **** uint8_t crc_common_date_get(void)
 110:./libraries/drivers/src/at32f413_crc.c **** {
 228              		.loc 1 110 1 is_stmt 1 view -0
 229              		.cfi_startproc
 230              		@ args = 0, pretend = 0, frame = 0
 231              		@ frame_needed = 0, uses_anonymous_args = 0
 232              		@ link register save eliminated.
 111:./libraries/drivers/src/at32f413_crc.c ****   return (CRC->cdt_bit.cdt);
 233              		.loc 1 111 3 view .LVU41
 234              		.loc 1 111 23 is_stmt 0 view .LVU42
ARM GAS  C:\Users\J\AppData\Local\Temp\ccXVXPBq.s 			page 7


 235 0000 014B     		ldr	r3, .L24
 236 0002 5868     		ldr	r0, [r3, #4]
 112:./libraries/drivers/src/at32f413_crc.c **** }
 237              		.loc 1 112 1 view .LVU43
 238 0004 C0B2     		uxtb	r0, r0
 239 0006 7047     		bx	lr
 240              	.L25:
 241              		.align	2
 242              	.L24:
 243 0008 00300240 		.word	1073885184
 244              		.cfi_endproc
 245              	.LFE138:
 247              		.section	.text.crc_init_data_set,"ax",%progbits
 248              		.align	1
 249              		.global	crc_init_data_set
 250              		.syntax unified
 251              		.thumb
 252              		.thumb_func
 253              		.fpu fpv4-sp-d16
 255              	crc_init_data_set:
 256              	.LVL12:
 257              	.LFB139:
 113:./libraries/drivers/src/at32f413_crc.c **** 
 114:./libraries/drivers/src/at32f413_crc.c **** /**
 115:./libraries/drivers/src/at32f413_crc.c ****   * @brief  set the 32-bit initial data of crc
 116:./libraries/drivers/src/at32f413_crc.c ****   * @param  value: initial data
 117:./libraries/drivers/src/at32f413_crc.c ****   * @retval none
 118:./libraries/drivers/src/at32f413_crc.c ****   */
 119:./libraries/drivers/src/at32f413_crc.c **** void crc_init_data_set(uint32_t value)
 120:./libraries/drivers/src/at32f413_crc.c **** {
 258              		.loc 1 120 1 is_stmt 1 view -0
 259              		.cfi_startproc
 260              		@ args = 0, pretend = 0, frame = 0
 261              		@ frame_needed = 0, uses_anonymous_args = 0
 262              		@ link register save eliminated.
 121:./libraries/drivers/src/at32f413_crc.c ****   CRC->idt = value;
 263              		.loc 1 121 3 view .LVU45
 264              		.loc 1 121 12 is_stmt 0 view .LVU46
 265 0000 014B     		ldr	r3, .L27
 266 0002 1861     		str	r0, [r3, #16]
 122:./libraries/drivers/src/at32f413_crc.c **** }
 267              		.loc 1 122 1 view .LVU47
 268 0004 7047     		bx	lr
 269              	.L28:
 270 0006 00BF     		.align	2
 271              	.L27:
 272 0008 00300240 		.word	1073885184
 273              		.cfi_endproc
 274              	.LFE139:
 276              		.section	.text.crc_reverse_input_data_set,"ax",%progbits
 277              		.align	1
 278              		.global	crc_reverse_input_data_set
 279              		.syntax unified
 280              		.thumb
 281              		.thumb_func
 282              		.fpu fpv4-sp-d16
 284              	crc_reverse_input_data_set:
ARM GAS  C:\Users\J\AppData\Local\Temp\ccXVXPBq.s 			page 8


 285              	.LVL13:
 286              	.LFB140:
 123:./libraries/drivers/src/at32f413_crc.c **** 
 124:./libraries/drivers/src/at32f413_crc.c **** /**
 125:./libraries/drivers/src/at32f413_crc.c ****   * @brief  control the reversal of the bit order in the input data
 126:./libraries/drivers/src/at32f413_crc.c ****   * @param  value
 127:./libraries/drivers/src/at32f413_crc.c ****   *         this parameter can be one of the following values:
 128:./libraries/drivers/src/at32f413_crc.c ****   *         - CRC_REVERSE_INPUT_NO_AFFECTE
 129:./libraries/drivers/src/at32f413_crc.c ****   *         - CRC_REVERSE_INPUT_BY_BYTE
 130:./libraries/drivers/src/at32f413_crc.c ****   *         - CRC_REVERSE_INPUT_BY_HALFWORD
 131:./libraries/drivers/src/at32f413_crc.c ****   *         - CRC_REVERSE_INPUT_BY_WORD
 132:./libraries/drivers/src/at32f413_crc.c ****   * @retval none.
 133:./libraries/drivers/src/at32f413_crc.c ****   */
 134:./libraries/drivers/src/at32f413_crc.c **** void crc_reverse_input_data_set(crc_reverse_input_type value)
 135:./libraries/drivers/src/at32f413_crc.c **** {
 287              		.loc 1 135 1 is_stmt 1 view -0
 288              		.cfi_startproc
 289              		@ args = 0, pretend = 0, frame = 0
 290              		@ frame_needed = 0, uses_anonymous_args = 0
 291              		@ link register save eliminated.
 136:./libraries/drivers/src/at32f413_crc.c ****   CRC->ctrl_bit.revid = value;
 292              		.loc 1 136 3 view .LVU49
 293              		.loc 1 136 23 is_stmt 0 view .LVU50
 294 0000 024B     		ldr	r3, .L30
 295 0002 9A68     		ldr	r2, [r3, #8]
 296 0004 60F34612 		bfi	r2, r0, #5, #2
 297 0008 9A60     		str	r2, [r3, #8]
 137:./libraries/drivers/src/at32f413_crc.c **** }
 298              		.loc 1 137 1 view .LVU51
 299 000a 7047     		bx	lr
 300              	.L31:
 301              		.align	2
 302              	.L30:
 303 000c 00300240 		.word	1073885184
 304              		.cfi_endproc
 305              	.LFE140:
 307              		.section	.text.crc_reverse_output_data_set,"ax",%progbits
 308              		.align	1
 309              		.global	crc_reverse_output_data_set
 310              		.syntax unified
 311              		.thumb
 312              		.thumb_func
 313              		.fpu fpv4-sp-d16
 315              	crc_reverse_output_data_set:
 316              	.LVL14:
 317              	.LFB141:
 138:./libraries/drivers/src/at32f413_crc.c **** 
 139:./libraries/drivers/src/at32f413_crc.c **** /**
 140:./libraries/drivers/src/at32f413_crc.c ****   * @brief  control the reversal of the bit order in the output data
 141:./libraries/drivers/src/at32f413_crc.c ****   * @param  value
 142:./libraries/drivers/src/at32f413_crc.c ****   *         this parameter can be one of the following values:
 143:./libraries/drivers/src/at32f413_crc.c ****   *         - CRC_REVERSE_OUTPUT_NO_AFFECTE
 144:./libraries/drivers/src/at32f413_crc.c ****   *         - CRC_REVERSE_OUTPUT_DATA
 145:./libraries/drivers/src/at32f413_crc.c ****   * @retval none.
 146:./libraries/drivers/src/at32f413_crc.c ****   */
 147:./libraries/drivers/src/at32f413_crc.c **** void crc_reverse_output_data_set(crc_reverse_output_type value)
 148:./libraries/drivers/src/at32f413_crc.c **** {
ARM GAS  C:\Users\J\AppData\Local\Temp\ccXVXPBq.s 			page 9


 318              		.loc 1 148 1 is_stmt 1 view -0
 319              		.cfi_startproc
 320              		@ args = 0, pretend = 0, frame = 0
 321              		@ frame_needed = 0, uses_anonymous_args = 0
 322              		@ link register save eliminated.
 149:./libraries/drivers/src/at32f413_crc.c ****   CRC->ctrl_bit.revod = value;
 323              		.loc 1 149 3 view .LVU53
 324              		.loc 1 149 23 is_stmt 0 view .LVU54
 325 0000 024B     		ldr	r3, .L33
 326 0002 9A68     		ldr	r2, [r3, #8]
 327 0004 60F3C712 		bfi	r2, r0, #7, #1
 328 0008 9A60     		str	r2, [r3, #8]
 150:./libraries/drivers/src/at32f413_crc.c **** }
 329              		.loc 1 150 1 view .LVU55
 330 000a 7047     		bx	lr
 331              	.L34:
 332              		.align	2
 333              	.L33:
 334 000c 00300240 		.word	1073885184
 335              		.cfi_endproc
 336              	.LFE141:
 338              		.text
 339              	.Letext0:
 340              		.file 2 "c:\\gcc-arm-none-eabi-10.3-2021.07\\arm-none-eabi\\include\\machine\\_default_types.h"
 341              		.file 3 "c:\\gcc-arm-none-eabi-10.3-2021.07\\arm-none-eabi\\include\\sys\\_stdint.h"
 342              		.file 4 "./libraries/drivers/inc/at32f413_crc.h"
ARM GAS  C:\Users\J\AppData\Local\Temp\ccXVXPBq.s 			page 10


DEFINED SYMBOLS
                            *ABS*:00000000 at32f413_crc.c
C:\Users\J\AppData\Local\Temp\ccXVXPBq.s:18     .text.crc_data_reset:00000000 $t
C:\Users\J\AppData\Local\Temp\ccXVXPBq.s:26     .text.crc_data_reset:00000000 crc_data_reset
C:\Users\J\AppData\Local\Temp\ccXVXPBq.s:45     .text.crc_data_reset:0000000c $d
C:\Users\J\AppData\Local\Temp\ccXVXPBq.s:50     .text.crc_one_word_calculate:00000000 $t
C:\Users\J\AppData\Local\Temp\ccXVXPBq.s:57     .text.crc_one_word_calculate:00000000 crc_one_word_calculate
C:\Users\J\AppData\Local\Temp\ccXVXPBq.s:78     .text.crc_one_word_calculate:00000008 $d
C:\Users\J\AppData\Local\Temp\ccXVXPBq.s:83     .text.crc_block_calculate:00000000 $t
C:\Users\J\AppData\Local\Temp\ccXVXPBq.s:90     .text.crc_block_calculate:00000000 crc_block_calculate
C:\Users\J\AppData\Local\Temp\ccXVXPBq.s:153    .text.crc_block_calculate:00000028 $d
C:\Users\J\AppData\Local\Temp\ccXVXPBq.s:158    .text.crc_data_get:00000000 $t
C:\Users\J\AppData\Local\Temp\ccXVXPBq.s:165    .text.crc_data_get:00000000 crc_data_get
C:\Users\J\AppData\Local\Temp\ccXVXPBq.s:181    .text.crc_data_get:00000008 $d
C:\Users\J\AppData\Local\Temp\ccXVXPBq.s:186    .text.crc_common_data_set:00000000 $t
C:\Users\J\AppData\Local\Temp\ccXVXPBq.s:193    .text.crc_common_data_set:00000000 crc_common_data_set
C:\Users\J\AppData\Local\Temp\ccXVXPBq.s:214    .text.crc_common_data_set:0000000c $d
C:\Users\J\AppData\Local\Temp\ccXVXPBq.s:219    .text.crc_common_date_get:00000000 $t
C:\Users\J\AppData\Local\Temp\ccXVXPBq.s:226    .text.crc_common_date_get:00000000 crc_common_date_get
C:\Users\J\AppData\Local\Temp\ccXVXPBq.s:243    .text.crc_common_date_get:00000008 $d
C:\Users\J\AppData\Local\Temp\ccXVXPBq.s:248    .text.crc_init_data_set:00000000 $t
C:\Users\J\AppData\Local\Temp\ccXVXPBq.s:255    .text.crc_init_data_set:00000000 crc_init_data_set
C:\Users\J\AppData\Local\Temp\ccXVXPBq.s:272    .text.crc_init_data_set:00000008 $d
C:\Users\J\AppData\Local\Temp\ccXVXPBq.s:277    .text.crc_reverse_input_data_set:00000000 $t
C:\Users\J\AppData\Local\Temp\ccXVXPBq.s:284    .text.crc_reverse_input_data_set:00000000 crc_reverse_input_data_set
C:\Users\J\AppData\Local\Temp\ccXVXPBq.s:303    .text.crc_reverse_input_data_set:0000000c $d
C:\Users\J\AppData\Local\Temp\ccXVXPBq.s:308    .text.crc_reverse_output_data_set:00000000 $t
C:\Users\J\AppData\Local\Temp\ccXVXPBq.s:315    .text.crc_reverse_output_data_set:00000000 crc_reverse_output_data_set
C:\Users\J\AppData\Local\Temp\ccXVXPBq.s:334    .text.crc_reverse_output_data_set:0000000c $d

NO UNDEFINED SYMBOLS
