ARM GAS  C:\Users\J\AppData\Local\Temp\ccfHChm1.s 			page 1


   1              		.cpu cortex-m4
   2              		.eabi_attribute 27, 1
   3              		.eabi_attribute 28, 1
   4              		.eabi_attribute 20, 1
   5              		.eabi_attribute 21, 1
   6              		.eabi_attribute 23, 3
   7              		.eabi_attribute 24, 1
   8              		.eabi_attribute 25, 1
   9              		.eabi_attribute 26, 1
  10              		.eabi_attribute 30, 1
  11              		.eabi_attribute 34, 1
  12              		.eabi_attribute 18, 4
  13              		.file	"at32f413_dma.c"
  14              		.text
  15              	.Ltext0:
  16              		.cfi_sections	.debug_frame
  17              		.section	.text.dma_reset,"ax",%progbits
  18              		.align	1
  19              		.global	dma_reset
  20              		.arch armv7e-m
  21              		.syntax unified
  22              		.thumb
  23              		.thumb_func
  24              		.fpu fpv4-sp-d16
  26              	dma_reset:
  27              	.LVL0:
  28              	.LFB133:
  29              		.file 1 "./libraries/drivers/src/at32f413_dma.c"
   1:./libraries/drivers/src/at32f413_dma.c **** /**
   2:./libraries/drivers/src/at32f413_dma.c ****   **************************************************************************
   3:./libraries/drivers/src/at32f413_dma.c ****   * @file     at32f413_dma.c
   4:./libraries/drivers/src/at32f413_dma.c ****   * @version  v2.0.5
   5:./libraries/drivers/src/at32f413_dma.c ****   * @date     2022-05-20
   6:./libraries/drivers/src/at32f413_dma.c ****   * @brief    contains all the functions for the dma firmware library
   7:./libraries/drivers/src/at32f413_dma.c ****   **************************************************************************
   8:./libraries/drivers/src/at32f413_dma.c ****   *                       Copyright notice & Disclaimer
   9:./libraries/drivers/src/at32f413_dma.c ****   *
  10:./libraries/drivers/src/at32f413_dma.c ****   * The software Board Support Package (BSP) that is made available to
  11:./libraries/drivers/src/at32f413_dma.c ****   * download from Artery official website is the copyrighted work of Artery.
  12:./libraries/drivers/src/at32f413_dma.c ****   * Artery authorizes customers to use, copy, and distribute the BSP
  13:./libraries/drivers/src/at32f413_dma.c ****   * software and its related documentation for the purpose of design and
  14:./libraries/drivers/src/at32f413_dma.c ****   * development in conjunction with Artery microcontrollers. Use of the
  15:./libraries/drivers/src/at32f413_dma.c ****   * software is governed by this copyright notice and the following disclaimer.
  16:./libraries/drivers/src/at32f413_dma.c ****   *
  17:./libraries/drivers/src/at32f413_dma.c ****   * THIS SOFTWARE IS PROVIDED ON "AS IS" BASIS WITHOUT WARRANTIES,
  18:./libraries/drivers/src/at32f413_dma.c ****   * GUARANTEES OR REPRESENTATIONS OF ANY KIND. ARTERY EXPRESSLY DISCLAIMS,
  19:./libraries/drivers/src/at32f413_dma.c ****   * TO THE FULLEST EXTENT PERMITTED BY LAW, ALL EXPRESS, IMPLIED OR
  20:./libraries/drivers/src/at32f413_dma.c ****   * STATUTORY OR OTHER WARRANTIES, GUARANTEES OR REPRESENTATIONS,
  21:./libraries/drivers/src/at32f413_dma.c ****   * INCLUDING BUT NOT LIMITED TO, THE IMPLIED WARRANTIES OF MERCHANTABILITY,
  22:./libraries/drivers/src/at32f413_dma.c ****   * FITNESS FOR A PARTICULAR PURPOSE, OR NON-INFRINGEMENT.
  23:./libraries/drivers/src/at32f413_dma.c ****   *
  24:./libraries/drivers/src/at32f413_dma.c ****   **************************************************************************
  25:./libraries/drivers/src/at32f413_dma.c ****   */
  26:./libraries/drivers/src/at32f413_dma.c **** 
  27:./libraries/drivers/src/at32f413_dma.c **** #include "at32f413_conf.h"
  28:./libraries/drivers/src/at32f413_dma.c **** 
  29:./libraries/drivers/src/at32f413_dma.c **** /** @addtogroup AT32F413_periph_driver
ARM GAS  C:\Users\J\AppData\Local\Temp\ccfHChm1.s 			page 2


  30:./libraries/drivers/src/at32f413_dma.c ****   * @{
  31:./libraries/drivers/src/at32f413_dma.c ****   */
  32:./libraries/drivers/src/at32f413_dma.c **** 
  33:./libraries/drivers/src/at32f413_dma.c **** /** @defgroup DMA
  34:./libraries/drivers/src/at32f413_dma.c ****   * @brief DMA driver modules
  35:./libraries/drivers/src/at32f413_dma.c ****   * @{
  36:./libraries/drivers/src/at32f413_dma.c ****   */
  37:./libraries/drivers/src/at32f413_dma.c **** 
  38:./libraries/drivers/src/at32f413_dma.c **** #ifdef DMA_MODULE_ENABLED
  39:./libraries/drivers/src/at32f413_dma.c **** 
  40:./libraries/drivers/src/at32f413_dma.c **** /** @defgroup DMA_private_functions
  41:./libraries/drivers/src/at32f413_dma.c ****   * @{
  42:./libraries/drivers/src/at32f413_dma.c ****   */
  43:./libraries/drivers/src/at32f413_dma.c **** 
  44:./libraries/drivers/src/at32f413_dma.c **** /**
  45:./libraries/drivers/src/at32f413_dma.c ****   * @brief  reset the dmax channely registers.
  46:./libraries/drivers/src/at32f413_dma.c ****   * @param  dmax_channely:
  47:./libraries/drivers/src/at32f413_dma.c ****   *         this parameter can be one of the following values:
  48:./libraries/drivers/src/at32f413_dma.c ****   *         - DMA1_CHANNEL1
  49:./libraries/drivers/src/at32f413_dma.c ****   *         - DMA1_CHANNEL2
  50:./libraries/drivers/src/at32f413_dma.c ****   *         - DMA1_CHANNEL3
  51:./libraries/drivers/src/at32f413_dma.c ****   *         - DMA1_CHANNEL4
  52:./libraries/drivers/src/at32f413_dma.c ****   *         - DMA1_CHANNEL5
  53:./libraries/drivers/src/at32f413_dma.c ****   *         - DMA1_CHANNEL6
  54:./libraries/drivers/src/at32f413_dma.c ****   *         - DMA1_CHANNEL7
  55:./libraries/drivers/src/at32f413_dma.c ****   *         - DMA2_CHANNEL1
  56:./libraries/drivers/src/at32f413_dma.c ****   *         - DMA2_CHANNEL2
  57:./libraries/drivers/src/at32f413_dma.c ****   *         - DMA2_CHANNEL3
  58:./libraries/drivers/src/at32f413_dma.c ****   *         - DMA2_CHANNEL4
  59:./libraries/drivers/src/at32f413_dma.c ****   *         - DMA2_CHANNEL5
  60:./libraries/drivers/src/at32f413_dma.c ****   *         - DMA2_CHANNEL6
  61:./libraries/drivers/src/at32f413_dma.c ****   *         - DMA2_CHANNEL7
  62:./libraries/drivers/src/at32f413_dma.c ****   * @retval none
  63:./libraries/drivers/src/at32f413_dma.c ****   */
  64:./libraries/drivers/src/at32f413_dma.c **** void dma_reset(dma_channel_type* dmax_channely)
  65:./libraries/drivers/src/at32f413_dma.c **** {
  30              		.loc 1 65 1 view -0
  31              		.cfi_startproc
  32              		@ args = 0, pretend = 0, frame = 0
  33              		@ frame_needed = 0, uses_anonymous_args = 0
  34              		@ link register save eliminated.
  35              		.loc 1 65 1 is_stmt 0 view .LVU1
  36 0000 10B4     		push	{r4}
  37              	.LCFI0:
  38              		.cfi_def_cfa_offset 4
  39              		.cfi_offset 4, -4
  66:./libraries/drivers/src/at32f413_dma.c ****   uint32_t temp = 0;
  40              		.loc 1 66 3 is_stmt 1 view .LVU2
  41              	.LVL1:
  67:./libraries/drivers/src/at32f413_dma.c ****   dmax_channely->ctrl_bit.chen = FALSE;
  42              		.loc 1 67 3 view .LVU3
  43              		.loc 1 67 32 is_stmt 0 view .LVU4
  44 0002 0368     		ldr	r3, [r0]
  45 0004 6FF30003 		bfc	r3, #0, #1
  46 0008 0360     		str	r3, [r0]
  68:./libraries/drivers/src/at32f413_dma.c ****   dmax_channely->ctrl = 0;
  47              		.loc 1 68 3 is_stmt 1 view .LVU5
ARM GAS  C:\Users\J\AppData\Local\Temp\ccfHChm1.s 			page 3


  48              		.loc 1 68 23 is_stmt 0 view .LVU6
  49 000a 0023     		movs	r3, #0
  50 000c 0360     		str	r3, [r0]
  69:./libraries/drivers/src/at32f413_dma.c ****   dmax_channely->dtcnt = 0;
  51              		.loc 1 69 3 is_stmt 1 view .LVU7
  52              		.loc 1 69 24 is_stmt 0 view .LVU8
  53 000e 4360     		str	r3, [r0, #4]
  70:./libraries/drivers/src/at32f413_dma.c ****   dmax_channely->paddr = 0;
  54              		.loc 1 70 3 is_stmt 1 view .LVU9
  55              		.loc 1 70 24 is_stmt 0 view .LVU10
  56 0010 8360     		str	r3, [r0, #8]
  71:./libraries/drivers/src/at32f413_dma.c ****   dmax_channely->maddr = 0;
  57              		.loc 1 71 3 is_stmt 1 view .LVU11
  58              		.loc 1 71 24 is_stmt 0 view .LVU12
  59 0012 C360     		str	r3, [r0, #12]
  72:./libraries/drivers/src/at32f413_dma.c **** 
  73:./libraries/drivers/src/at32f413_dma.c ****   temp = (uint32_t)dmax_channely;
  60              		.loc 1 73 3 is_stmt 1 view .LVU13
  61              	.LVL2:
  74:./libraries/drivers/src/at32f413_dma.c **** 
  75:./libraries/drivers/src/at32f413_dma.c ****   if((temp & 0x4ff) < 0x408)
  62              		.loc 1 75 3 view .LVU14
  63              		.loc 1 75 12 is_stmt 0 view .LVU15
  64 0014 40F2FF43 		movw	r3, #1279
  65 0018 0340     		ands	r3, r3, r0
  66              		.loc 1 75 5 view .LVU16
  67 001a B3F5816F 		cmp	r3, #1032
  68 001e 10D2     		bcs	.L2
  76:./libraries/drivers/src/at32f413_dma.c ****   {
  77:./libraries/drivers/src/at32f413_dma.c ****     /* dma1 channel */
  78:./libraries/drivers/src/at32f413_dma.c ****     DMA1->clr |= (uint32_t)(0x0f << ((((temp & 0xff) - 0x08) / 0x14) * 4));
  69              		.loc 1 78 5 is_stmt 1 view .LVU17
  70              		.loc 1 78 15 is_stmt 0 view .LVU18
  71 0020 114C     		ldr	r4, .L5
  72 0022 6268     		ldr	r2, [r4, #4]
  73              		.loc 1 78 46 view .LVU19
  74 0024 C3B2     		uxtb	r3, r0
  75              		.loc 1 78 54 view .LVU20
  76 0026 083B     		subs	r3, r3, #8
  77              		.loc 1 78 62 view .LVU21
  78 0028 1048     		ldr	r0, .L5+4
  79              	.LVL3:
  80              		.loc 1 78 62 view .LVU22
  81 002a A0FB0313 		umull	r1, r3, r0, r3
  82 002e 1B09     		lsrs	r3, r3, #4
  83              		.loc 1 78 70 view .LVU23
  84 0030 9B00     		lsls	r3, r3, #2
  85              		.loc 1 78 34 view .LVU24
  86 0032 0F21     		movs	r1, #15
  87 0034 01FA03F3 		lsl	r3, r1, r3
  88              		.loc 1 78 15 view .LVU25
  89 0038 1343     		orrs	r3, r3, r2
  90 003a 6360     		str	r3, [r4, #4]
  91              	.L1:
  79:./libraries/drivers/src/at32f413_dma.c ****   }
  80:./libraries/drivers/src/at32f413_dma.c ****   else if((temp & 0x4ff) < 0x488)
  81:./libraries/drivers/src/at32f413_dma.c ****   {
ARM GAS  C:\Users\J\AppData\Local\Temp\ccfHChm1.s 			page 4


  82:./libraries/drivers/src/at32f413_dma.c ****     /* dma2 channel */
  83:./libraries/drivers/src/at32f413_dma.c ****     DMA2->clr |= (uint32_t)(0x0f << ((((temp & 0xff) - 0x08) / 0x14) * 4));
  84:./libraries/drivers/src/at32f413_dma.c ****   }
  85:./libraries/drivers/src/at32f413_dma.c **** }
  92              		.loc 1 85 1 view .LVU26
  93 003c 5DF8044B 		ldr	r4, [sp], #4
  94              	.LCFI1:
  95              		.cfi_remember_state
  96              		.cfi_restore 4
  97              		.cfi_def_cfa_offset 0
  98 0040 7047     		bx	lr
  99              	.LVL4:
 100              	.L2:
 101              	.LCFI2:
 102              		.cfi_restore_state
  80:./libraries/drivers/src/at32f413_dma.c ****   {
 103              		.loc 1 80 8 is_stmt 1 view .LVU27
  80:./libraries/drivers/src/at32f413_dma.c ****   {
 104              		.loc 1 80 10 is_stmt 0 view .LVU28
 105 0042 B3F5916F 		cmp	r3, #1160
 106 0046 F9D2     		bcs	.L1
  83:./libraries/drivers/src/at32f413_dma.c ****   }
 107              		.loc 1 83 5 is_stmt 1 view .LVU29
  83:./libraries/drivers/src/at32f413_dma.c ****   }
 108              		.loc 1 83 15 is_stmt 0 view .LVU30
 109 0048 094C     		ldr	r4, .L5+8
 110 004a 6268     		ldr	r2, [r4, #4]
  83:./libraries/drivers/src/at32f413_dma.c ****   }
 111              		.loc 1 83 46 view .LVU31
 112 004c C3B2     		uxtb	r3, r0
  83:./libraries/drivers/src/at32f413_dma.c ****   }
 113              		.loc 1 83 54 view .LVU32
 114 004e 083B     		subs	r3, r3, #8
  83:./libraries/drivers/src/at32f413_dma.c ****   }
 115              		.loc 1 83 62 view .LVU33
 116 0050 0648     		ldr	r0, .L5+4
 117              	.LVL5:
  83:./libraries/drivers/src/at32f413_dma.c ****   }
 118              		.loc 1 83 62 view .LVU34
 119 0052 A0FB0313 		umull	r1, r3, r0, r3
 120 0056 1B09     		lsrs	r3, r3, #4
  83:./libraries/drivers/src/at32f413_dma.c ****   }
 121              		.loc 1 83 70 view .LVU35
 122 0058 9B00     		lsls	r3, r3, #2
  83:./libraries/drivers/src/at32f413_dma.c ****   }
 123              		.loc 1 83 34 view .LVU36
 124 005a 0F21     		movs	r1, #15
 125 005c 01FA03F3 		lsl	r3, r1, r3
  83:./libraries/drivers/src/at32f413_dma.c ****   }
 126              		.loc 1 83 15 view .LVU37
 127 0060 1343     		orrs	r3, r3, r2
 128 0062 6360     		str	r3, [r4, #4]
 129              		.loc 1 85 1 view .LVU38
 130 0064 EAE7     		b	.L1
 131              	.L6:
 132 0066 00BF     		.align	2
 133              	.L5:
ARM GAS  C:\Users\J\AppData\Local\Temp\ccfHChm1.s 			page 5


 134 0068 00000240 		.word	1073872896
 135 006c CDCCCCCC 		.word	-858993459
 136 0070 00040240 		.word	1073873920
 137              		.cfi_endproc
 138              	.LFE133:
 140              		.section	.text.dma_data_number_set,"ax",%progbits
 141              		.align	1
 142              		.global	dma_data_number_set
 143              		.syntax unified
 144              		.thumb
 145              		.thumb_func
 146              		.fpu fpv4-sp-d16
 148              	dma_data_number_set:
 149              	.LVL6:
 150              	.LFB134:
  86:./libraries/drivers/src/at32f413_dma.c **** 
  87:./libraries/drivers/src/at32f413_dma.c **** /**
  88:./libraries/drivers/src/at32f413_dma.c ****   * @brief  set the number of data to be transferred
  89:./libraries/drivers/src/at32f413_dma.c ****   * @param  dmax_channely:
  90:./libraries/drivers/src/at32f413_dma.c ****   *         this parameter can be one of the following values:
  91:./libraries/drivers/src/at32f413_dma.c ****   *         - DMA1_CHANNEL1
  92:./libraries/drivers/src/at32f413_dma.c ****   *         - DMA1_CHANNEL2
  93:./libraries/drivers/src/at32f413_dma.c ****   *         - DMA1_CHANNEL3
  94:./libraries/drivers/src/at32f413_dma.c ****   *         - DMA1_CHANNEL4
  95:./libraries/drivers/src/at32f413_dma.c ****   *         - DMA1_CHANNEL5
  96:./libraries/drivers/src/at32f413_dma.c ****   *         - DMA1_CHANNEL6
  97:./libraries/drivers/src/at32f413_dma.c ****   *         - DMA1_CHANNEL7
  98:./libraries/drivers/src/at32f413_dma.c ****   *         - DMA2_CHANNEL1
  99:./libraries/drivers/src/at32f413_dma.c ****   *         - DMA2_CHANNEL2
 100:./libraries/drivers/src/at32f413_dma.c ****   *         - DMA2_CHANNEL3
 101:./libraries/drivers/src/at32f413_dma.c ****   *         - DMA2_CHANNEL4
 102:./libraries/drivers/src/at32f413_dma.c ****   *         - DMA2_CHANNEL5
 103:./libraries/drivers/src/at32f413_dma.c ****   *         - DMA2_CHANNEL6
 104:./libraries/drivers/src/at32f413_dma.c ****   *         - DMA2_CHANNEL7
 105:./libraries/drivers/src/at32f413_dma.c ****   * @param  data_number: the number of data to be transferred(0x0000~0xFFFF)
 106:./libraries/drivers/src/at32f413_dma.c ****   *         transfer.
 107:./libraries/drivers/src/at32f413_dma.c ****   * @retval none.
 108:./libraries/drivers/src/at32f413_dma.c ****   */
 109:./libraries/drivers/src/at32f413_dma.c **** void dma_data_number_set(dma_channel_type* dmax_channely, uint16_t data_number)
 110:./libraries/drivers/src/at32f413_dma.c **** {
 151              		.loc 1 110 1 is_stmt 1 view -0
 152              		.cfi_startproc
 153              		@ args = 0, pretend = 0, frame = 0
 154              		@ frame_needed = 0, uses_anonymous_args = 0
 155              		@ link register save eliminated.
 111:./libraries/drivers/src/at32f413_dma.c ****   dmax_channely->dtcnt = data_number;
 156              		.loc 1 111 3 view .LVU40
 157              		.loc 1 111 24 is_stmt 0 view .LVU41
 158 0000 4160     		str	r1, [r0, #4]
 112:./libraries/drivers/src/at32f413_dma.c **** }
 159              		.loc 1 112 1 view .LVU42
 160 0002 7047     		bx	lr
 161              		.cfi_endproc
 162              	.LFE134:
 164              		.section	.text.dma_data_number_get,"ax",%progbits
 165              		.align	1
 166              		.global	dma_data_number_get
ARM GAS  C:\Users\J\AppData\Local\Temp\ccfHChm1.s 			page 6


 167              		.syntax unified
 168              		.thumb
 169              		.thumb_func
 170              		.fpu fpv4-sp-d16
 172              	dma_data_number_get:
 173              	.LVL7:
 174              	.LFB135:
 113:./libraries/drivers/src/at32f413_dma.c **** 
 114:./libraries/drivers/src/at32f413_dma.c **** /**
 115:./libraries/drivers/src/at32f413_dma.c ****   * @brief  get number of data from dtcnt register
 116:./libraries/drivers/src/at32f413_dma.c ****   * @param  dmax_channely:
 117:./libraries/drivers/src/at32f413_dma.c ****   *         this parameter can be one of the following values:
 118:./libraries/drivers/src/at32f413_dma.c ****   *         - DMA1_CHANNEL1
 119:./libraries/drivers/src/at32f413_dma.c ****   *         - DMA1_CHANNEL2
 120:./libraries/drivers/src/at32f413_dma.c ****   *         - DMA1_CHANNEL3
 121:./libraries/drivers/src/at32f413_dma.c ****   *         - DMA1_CHANNEL4
 122:./libraries/drivers/src/at32f413_dma.c ****   *         - DMA1_CHANNEL5
 123:./libraries/drivers/src/at32f413_dma.c ****   *         - DMA1_CHANNEL6
 124:./libraries/drivers/src/at32f413_dma.c ****   *         - DMA1_CHANNEL7
 125:./libraries/drivers/src/at32f413_dma.c ****   *         - DMA2_CHANNEL1
 126:./libraries/drivers/src/at32f413_dma.c ****   *         - DMA2_CHANNEL2
 127:./libraries/drivers/src/at32f413_dma.c ****   *         - DMA2_CHANNEL3
 128:./libraries/drivers/src/at32f413_dma.c ****   *         - DMA2_CHANNEL4
 129:./libraries/drivers/src/at32f413_dma.c ****   *         - DMA2_CHANNEL5
 130:./libraries/drivers/src/at32f413_dma.c ****   *         - DMA2_CHANNEL6
 131:./libraries/drivers/src/at32f413_dma.c ****   *         - DMA2_CHANNEL7
 132:./libraries/drivers/src/at32f413_dma.c ****   * @retval the number of data.
 133:./libraries/drivers/src/at32f413_dma.c ****   */
 134:./libraries/drivers/src/at32f413_dma.c **** uint16_t dma_data_number_get(dma_channel_type* dmax_channely)
 135:./libraries/drivers/src/at32f413_dma.c **** {
 175              		.loc 1 135 1 is_stmt 1 view -0
 176              		.cfi_startproc
 177              		@ args = 0, pretend = 0, frame = 0
 178              		@ frame_needed = 0, uses_anonymous_args = 0
 179              		@ link register save eliminated.
 136:./libraries/drivers/src/at32f413_dma.c ****   return (uint16_t)dmax_channely->dtcnt;
 180              		.loc 1 136 3 view .LVU44
 181              		.loc 1 136 33 is_stmt 0 view .LVU45
 182 0000 4068     		ldr	r0, [r0, #4]
 183              	.LVL8:
 137:./libraries/drivers/src/at32f413_dma.c **** }
 184              		.loc 1 137 1 view .LVU46
 185 0002 80B2     		uxth	r0, r0
 186 0004 7047     		bx	lr
 187              		.cfi_endproc
 188              	.LFE135:
 190              		.section	.text.dma_interrupt_enable,"ax",%progbits
 191              		.align	1
 192              		.global	dma_interrupt_enable
 193              		.syntax unified
 194              		.thumb
 195              		.thumb_func
 196              		.fpu fpv4-sp-d16
 198              	dma_interrupt_enable:
 199              	.LVL9:
 200              	.LFB136:
 138:./libraries/drivers/src/at32f413_dma.c **** 
ARM GAS  C:\Users\J\AppData\Local\Temp\ccfHChm1.s 			page 7


 139:./libraries/drivers/src/at32f413_dma.c **** /**
 140:./libraries/drivers/src/at32f413_dma.c ****   * @brief  enable or disable dma interrupt
 141:./libraries/drivers/src/at32f413_dma.c ****   * @param  dmax_channely:
 142:./libraries/drivers/src/at32f413_dma.c ****   *         this parameter can be one of the following values:
 143:./libraries/drivers/src/at32f413_dma.c ****   *         - DMA1_CHANNEL1
 144:./libraries/drivers/src/at32f413_dma.c ****   *         - DMA1_CHANNEL2
 145:./libraries/drivers/src/at32f413_dma.c ****   *         - DMA1_CHANNEL3
 146:./libraries/drivers/src/at32f413_dma.c ****   *         - DMA1_CHANNEL4
 147:./libraries/drivers/src/at32f413_dma.c ****   *         - DMA1_CHANNEL5
 148:./libraries/drivers/src/at32f413_dma.c ****   *         - DMA1_CHANNEL6
 149:./libraries/drivers/src/at32f413_dma.c ****   *         - DMA1_CHANNEL7
 150:./libraries/drivers/src/at32f413_dma.c ****   *         - DMA2_CHANNEL1
 151:./libraries/drivers/src/at32f413_dma.c ****   *         - DMA2_CHANNEL2
 152:./libraries/drivers/src/at32f413_dma.c ****   *         - DMA2_CHANNEL3
 153:./libraries/drivers/src/at32f413_dma.c ****   *         - DMA2_CHANNEL4
 154:./libraries/drivers/src/at32f413_dma.c ****   *         - DMA2_CHANNEL5
 155:./libraries/drivers/src/at32f413_dma.c ****   *         - DMA2_CHANNEL6
 156:./libraries/drivers/src/at32f413_dma.c ****   *         - DMA2_CHANNEL7
 157:./libraries/drivers/src/at32f413_dma.c ****   * @param  dma_int:
 158:./libraries/drivers/src/at32f413_dma.c ****   *         this parameter can be any combination of the following values:
 159:./libraries/drivers/src/at32f413_dma.c ****   *         - DMA_FDT_INT
 160:./libraries/drivers/src/at32f413_dma.c ****   *         - DMA_HDT_INT
 161:./libraries/drivers/src/at32f413_dma.c ****   *         - DMA_DTERR_INT
 162:./libraries/drivers/src/at32f413_dma.c ****   * @param  new_state (TRUE or FALSE)
 163:./libraries/drivers/src/at32f413_dma.c ****   * @retval none
 164:./libraries/drivers/src/at32f413_dma.c ****   */
 165:./libraries/drivers/src/at32f413_dma.c **** void dma_interrupt_enable(dma_channel_type* dmax_channely, uint32_t dma_int, confirm_state new_stat
 166:./libraries/drivers/src/at32f413_dma.c **** {
 201              		.loc 1 166 1 is_stmt 1 view -0
 202              		.cfi_startproc
 203              		@ args = 0, pretend = 0, frame = 0
 204              		@ frame_needed = 0, uses_anonymous_args = 0
 205              		@ link register save eliminated.
 167:./libraries/drivers/src/at32f413_dma.c ****   if (new_state != FALSE)
 206              		.loc 1 167 3 view .LVU48
 207              		.loc 1 167 6 is_stmt 0 view .LVU49
 208 0000 1AB1     		cbz	r2, .L10
 168:./libraries/drivers/src/at32f413_dma.c ****   {
 169:./libraries/drivers/src/at32f413_dma.c ****     dmax_channely->ctrl |= dma_int;
 209              		.loc 1 169 5 is_stmt 1 view .LVU50
 210              		.loc 1 169 25 is_stmt 0 view .LVU51
 211 0002 0368     		ldr	r3, [r0]
 212 0004 1943     		orrs	r1, r1, r3
 213              	.LVL10:
 214              		.loc 1 169 25 view .LVU52
 215 0006 0160     		str	r1, [r0]
 216 0008 7047     		bx	lr
 217              	.LVL11:
 218              	.L10:
 170:./libraries/drivers/src/at32f413_dma.c ****   }
 171:./libraries/drivers/src/at32f413_dma.c ****   else
 172:./libraries/drivers/src/at32f413_dma.c ****   {
 173:./libraries/drivers/src/at32f413_dma.c ****     dmax_channely->ctrl &= ~dma_int;
 219              		.loc 1 173 5 is_stmt 1 view .LVU53
 220              		.loc 1 173 25 is_stmt 0 view .LVU54
 221 000a 0368     		ldr	r3, [r0]
 222 000c 23EA0101 		bic	r1, r3, r1
ARM GAS  C:\Users\J\AppData\Local\Temp\ccfHChm1.s 			page 8


 223              	.LVL12:
 224              		.loc 1 173 25 view .LVU55
 225 0010 0160     		str	r1, [r0]
 174:./libraries/drivers/src/at32f413_dma.c ****   }
 175:./libraries/drivers/src/at32f413_dma.c **** }
 226              		.loc 1 175 1 view .LVU56
 227 0012 7047     		bx	lr
 228              		.cfi_endproc
 229              	.LFE136:
 231              		.section	.text.dma_channel_enable,"ax",%progbits
 232              		.align	1
 233              		.global	dma_channel_enable
 234              		.syntax unified
 235              		.thumb
 236              		.thumb_func
 237              		.fpu fpv4-sp-d16
 239              	dma_channel_enable:
 240              	.LVL13:
 241              	.LFB137:
 176:./libraries/drivers/src/at32f413_dma.c **** 
 177:./libraries/drivers/src/at32f413_dma.c **** /**
 178:./libraries/drivers/src/at32f413_dma.c ****   * @brief  enable or disable dma channely
 179:./libraries/drivers/src/at32f413_dma.c ****   * @param  dmax_channely:
 180:./libraries/drivers/src/at32f413_dma.c ****   *         this parameter can be one of the following values:
 181:./libraries/drivers/src/at32f413_dma.c ****   *         - DMA1_CHANNEL1
 182:./libraries/drivers/src/at32f413_dma.c ****   *         - DMA1_CHANNEL2
 183:./libraries/drivers/src/at32f413_dma.c ****   *         - DMA1_CHANNEL3
 184:./libraries/drivers/src/at32f413_dma.c ****   *         - DMA1_CHANNEL4
 185:./libraries/drivers/src/at32f413_dma.c ****   *         - DMA1_CHANNEL5
 186:./libraries/drivers/src/at32f413_dma.c ****   *         - DMA1_CHANNEL6
 187:./libraries/drivers/src/at32f413_dma.c ****   *         - DMA1_CHANNEL7
 188:./libraries/drivers/src/at32f413_dma.c ****   *         - DMA2_CHANNEL1
 189:./libraries/drivers/src/at32f413_dma.c ****   *         - DMA2_CHANNEL2
 190:./libraries/drivers/src/at32f413_dma.c ****   *         - DMA2_CHANNEL3
 191:./libraries/drivers/src/at32f413_dma.c ****   *         - DMA2_CHANNEL4
 192:./libraries/drivers/src/at32f413_dma.c ****   *         - DMA2_CHANNEL5
 193:./libraries/drivers/src/at32f413_dma.c ****   *         - DMA2_CHANNEL6
 194:./libraries/drivers/src/at32f413_dma.c ****   *         - DMA2_CHANNEL7
 195:./libraries/drivers/src/at32f413_dma.c ****   * @param  new_state (TRUE or FALSE)
 196:./libraries/drivers/src/at32f413_dma.c ****   * @retval None
 197:./libraries/drivers/src/at32f413_dma.c ****   */
 198:./libraries/drivers/src/at32f413_dma.c **** void dma_channel_enable(dma_channel_type* dmax_channely, confirm_state new_state)
 199:./libraries/drivers/src/at32f413_dma.c **** {
 242              		.loc 1 199 1 is_stmt 1 view -0
 243              		.cfi_startproc
 244              		@ args = 0, pretend = 0, frame = 0
 245              		@ frame_needed = 0, uses_anonymous_args = 0
 246              		@ link register save eliminated.
 200:./libraries/drivers/src/at32f413_dma.c ****   dmax_channely->ctrl_bit.chen = new_state;
 247              		.loc 1 200 3 view .LVU58
 248              		.loc 1 200 32 is_stmt 0 view .LVU59
 249 0000 0368     		ldr	r3, [r0]
 250 0002 61F30003 		bfi	r3, r1, #0, #1
 251 0006 0360     		str	r3, [r0]
 201:./libraries/drivers/src/at32f413_dma.c **** }
 252              		.loc 1 201 1 view .LVU60
 253 0008 7047     		bx	lr
ARM GAS  C:\Users\J\AppData\Local\Temp\ccfHChm1.s 			page 9


 254              		.cfi_endproc
 255              	.LFE137:
 257              		.section	.text.dma_flexible_config,"ax",%progbits
 258              		.align	1
 259              		.global	dma_flexible_config
 260              		.syntax unified
 261              		.thumb
 262              		.thumb_func
 263              		.fpu fpv4-sp-d16
 265              	dma_flexible_config:
 266              	.LVL14:
 267              	.LFB138:
 202:./libraries/drivers/src/at32f413_dma.c **** 
 203:./libraries/drivers/src/at32f413_dma.c **** /**
 204:./libraries/drivers/src/at32f413_dma.c ****   * @brief  initialize the dma_x flexible function according to the specified parameters.
 205:./libraries/drivers/src/at32f413_dma.c ****   * @param  dma_x:
 206:./libraries/drivers/src/at32f413_dma.c ****   *         this parameter can be one of the following values:
 207:./libraries/drivers/src/at32f413_dma.c ****   *         - DMA1
 208:./libraries/drivers/src/at32f413_dma.c ****   *         - DMA2
 209:./libraries/drivers/src/at32f413_dma.c ****   * @param  flex_channelx:
 210:./libraries/drivers/src/at32f413_dma.c ****   *         this parameter can be one of the following values:
 211:./libraries/drivers/src/at32f413_dma.c ****   *         - FLEX_CHANNEL1
 212:./libraries/drivers/src/at32f413_dma.c ****   *         - FLEX_CHANNEL2
 213:./libraries/drivers/src/at32f413_dma.c ****   *         - FLEX_CHANNEL3
 214:./libraries/drivers/src/at32f413_dma.c ****   *         - FLEX_CHANNEL4
 215:./libraries/drivers/src/at32f413_dma.c ****   *         - FLEX_CHANNEL5
 216:./libraries/drivers/src/at32f413_dma.c ****   *         - FLEX_CHANNEL6
 217:./libraries/drivers/src/at32f413_dma.c ****   *         - FLEX_CHANNEL7
 218:./libraries/drivers/src/at32f413_dma.c ****   * @param  flexible_request: every peripheral have specified hardware_id.
 219:./libraries/drivers/src/at32f413_dma.c ****   *         this parameter can be one of the following values:
 220:./libraries/drivers/src/at32f413_dma.c ****   *         - DMA_FLEXIBLE_ADC1         - DMA_FLEXIBLE_SPI1_RX      - DMA_FLEXIBLE_SPI1_TX      - D
 221:./libraries/drivers/src/at32f413_dma.c ****   *         - DMA_FLEXIBLE_SPI2_TX      - DMA_FLEXIBLE_UART1_RX     - DMA_FLEXIBLE_UART1_TX     - D
 222:./libraries/drivers/src/at32f413_dma.c ****   *         - DMA_FLEXIBLE_UART2_TX     - DMA_FLEXIBLE_UART3_RX     - DMA_FLEXIBLE_UART3_TX     - D
 223:./libraries/drivers/src/at32f413_dma.c ****   *         - DMA_FLEXIBLE_UART4_TX     - DMA_FLEXIBLE_UART5_RX     - DMA_FLEXIBLE_UART5_TX     - D
 224:./libraries/drivers/src/at32f413_dma.c ****   *         - DMA_FLEXIBLE_I2C1_TX      - DMA_FLEXIBLE_I2C2_RX      - DMA_FLEXIBLE_I2C2_TX      - D
 225:./libraries/drivers/src/at32f413_dma.c ****   *         - DMA_FLEXIBLE_TMR1_TRIG    - DMA_FLEXIBLE_TMR1_HALL    - DMA_FLEXIBLE_TMR1_OVERFLOW- D
 226:./libraries/drivers/src/at32f413_dma.c ****   *         - DMA_FLEXIBLE_TMR1_CH2     - DMA_FLEXIBLE_TMR1_CH3     - DMA_FLEXIBLE_TMR1_CH4     - D
 227:./libraries/drivers/src/at32f413_dma.c ****   *         - DMA_FLEXIBLE_TMR2_OVERFLOW- DMA_FLEXIBLE_TMR2_CH1     - DMA_FLEXIBLE_TMR2_CH2     - D
 228:./libraries/drivers/src/at32f413_dma.c ****   *         - DMA_FLEXIBLE_TMR2_CH4     - DMA_FLEXIBLE_TMR3_TRIG    - DMA_FLEXIBLE_TMR3_OVERFLOW- D
 229:./libraries/drivers/src/at32f413_dma.c ****   *         - DMA_FLEXIBLE_TMR3_CH2     - DMA_FLEXIBLE_TMR3_CH3     - DMA_FLEXIBLE_TMR3_CH4     - D
 230:./libraries/drivers/src/at32f413_dma.c ****   *         - DMA_FLEXIBLE_TMR4_OVERFLOW- DMA_FLEXIBLE_TMR4_CH1     - DMA_FLEXIBLE_TMR4_CH2     - D
 231:./libraries/drivers/src/at32f413_dma.c ****   *         - DMA_FLEXIBLE_TMR4_CH4     - DMA_FLEXIBLE_TMR5_TRIG    - DMA_FLEXIBLE_TMR5_OVERFLOW- D
 232:./libraries/drivers/src/at32f413_dma.c ****   *         - DMA_FLEXIBLE_TMR5_CH2     - DMA_FLEXIBLE_TMR5_CH3     - DMA_FLEXIBLE_TMR5_CH4     - D
 233:./libraries/drivers/src/at32f413_dma.c ****   *         - DMA_FLEXIBLE_TMR8_HALL    - DMA_FLEXIBLE_TMR8_OVERFLOW- DMA_FLEXIBLE_TMR8_CH1     - D
 234:./libraries/drivers/src/at32f413_dma.c ****   *         - DMA_FLEXIBLE_TMR8_CH3     - DMA_FLEXIBLE_TMR8_CH4
 235:./libraries/drivers/src/at32f413_dma.c ****   * @retval none
 236:./libraries/drivers/src/at32f413_dma.c ****   */
 237:./libraries/drivers/src/at32f413_dma.c **** 
 238:./libraries/drivers/src/at32f413_dma.c **** void dma_flexible_config(dma_type* dma_x, uint8_t flex_channelx, dma_flexible_request_type flexible
 239:./libraries/drivers/src/at32f413_dma.c **** {
 268              		.loc 1 239 1 is_stmt 1 view -0
 269              		.cfi_startproc
 270              		@ args = 0, pretend = 0, frame = 0
 271              		@ frame_needed = 0, uses_anonymous_args = 0
 272              		@ link register save eliminated.
 240:./libraries/drivers/src/at32f413_dma.c ****   if(dma_x->src_sel1_bit.dma_flex_en == RESET)
 273              		.loc 1 240 3 view .LVU62
ARM GAS  C:\Users\J\AppData\Local\Temp\ccfHChm1.s 			page 10


 274              		.loc 1 240 25 is_stmt 0 view .LVU63
 275 0000 D0F8A430 		ldr	r3, [r0, #164]
 276              		.loc 1 240 5 view .LVU64
 277 0004 13F0807F 		tst	r3, #16777216
 278 0008 05D1     		bne	.L14
 241:./libraries/drivers/src/at32f413_dma.c ****   {
 242:./libraries/drivers/src/at32f413_dma.c ****     dma_x->src_sel1_bit.dma_flex_en = TRUE;
 279              		.loc 1 242 5 is_stmt 1 view .LVU65
 280              		.loc 1 242 37 is_stmt 0 view .LVU66
 281 000a D0F8A430 		ldr	r3, [r0, #164]
 282 000e 43F08073 		orr	r3, r3, #16777216
 283 0012 C0F8A430 		str	r3, [r0, #164]
 284              	.L14:
 243:./libraries/drivers/src/at32f413_dma.c ****   }
 244:./libraries/drivers/src/at32f413_dma.c **** 
 245:./libraries/drivers/src/at32f413_dma.c ****   if(flex_channelx == FLEX_CHANNEL1)
 285              		.loc 1 245 3 is_stmt 1 view .LVU67
 286              		.loc 1 245 5 is_stmt 0 view .LVU68
 287 0016 0129     		cmp	r1, #1
 288 0018 0CD0     		beq	.L22
 246:./libraries/drivers/src/at32f413_dma.c ****   {
 247:./libraries/drivers/src/at32f413_dma.c ****     dma_x->src_sel0_bit.ch1_src = flexible_request;
 248:./libraries/drivers/src/at32f413_dma.c ****   }
 249:./libraries/drivers/src/at32f413_dma.c ****   else if(flex_channelx == FLEX_CHANNEL2)
 289              		.loc 1 249 8 is_stmt 1 view .LVU69
 290              		.loc 1 249 10 is_stmt 0 view .LVU70
 291 001a 0229     		cmp	r1, #2
 292 001c 11D0     		beq	.L23
 250:./libraries/drivers/src/at32f413_dma.c ****   {
 251:./libraries/drivers/src/at32f413_dma.c ****     dma_x->src_sel0_bit.ch2_src = flexible_request;
 252:./libraries/drivers/src/at32f413_dma.c ****   }
 253:./libraries/drivers/src/at32f413_dma.c ****   else if(flex_channelx == FLEX_CHANNEL3)
 293              		.loc 1 253 8 is_stmt 1 view .LVU71
 294              		.loc 1 253 10 is_stmt 0 view .LVU72
 295 001e 0329     		cmp	r1, #3
 296 0020 16D0     		beq	.L24
 254:./libraries/drivers/src/at32f413_dma.c ****   {
 255:./libraries/drivers/src/at32f413_dma.c ****     dma_x->src_sel0_bit.ch3_src = flexible_request;
 256:./libraries/drivers/src/at32f413_dma.c ****   }
 257:./libraries/drivers/src/at32f413_dma.c ****   else if(flex_channelx == FLEX_CHANNEL4)
 297              		.loc 1 257 8 is_stmt 1 view .LVU73
 298              		.loc 1 257 10 is_stmt 0 view .LVU74
 299 0022 0429     		cmp	r1, #4
 300 0024 1BD0     		beq	.L25
 258:./libraries/drivers/src/at32f413_dma.c ****   {
 259:./libraries/drivers/src/at32f413_dma.c ****     dma_x->src_sel0_bit.ch4_src = flexible_request;
 260:./libraries/drivers/src/at32f413_dma.c ****   }
 261:./libraries/drivers/src/at32f413_dma.c ****   else if(flex_channelx == FLEX_CHANNEL5)
 301              		.loc 1 261 8 is_stmt 1 view .LVU75
 302              		.loc 1 261 10 is_stmt 0 view .LVU76
 303 0026 0529     		cmp	r1, #5
 304 0028 20D0     		beq	.L26
 262:./libraries/drivers/src/at32f413_dma.c ****   {
 263:./libraries/drivers/src/at32f413_dma.c ****     dma_x->src_sel1_bit.ch5_src = flexible_request;
 264:./libraries/drivers/src/at32f413_dma.c ****   }
 265:./libraries/drivers/src/at32f413_dma.c ****   else if(flex_channelx == FLEX_CHANNEL6)
 305              		.loc 1 265 8 is_stmt 1 view .LVU77
ARM GAS  C:\Users\J\AppData\Local\Temp\ccfHChm1.s 			page 11


 306              		.loc 1 265 10 is_stmt 0 view .LVU78
 307 002a 0629     		cmp	r1, #6
 308 002c 25D0     		beq	.L27
 266:./libraries/drivers/src/at32f413_dma.c ****   {
 267:./libraries/drivers/src/at32f413_dma.c ****     dma_x->src_sel1_bit.ch6_src = flexible_request;
 268:./libraries/drivers/src/at32f413_dma.c ****   }
 269:./libraries/drivers/src/at32f413_dma.c ****   else
 270:./libraries/drivers/src/at32f413_dma.c ****   {
 271:./libraries/drivers/src/at32f413_dma.c ****     if(flex_channelx == FLEX_CHANNEL7)
 309              		.loc 1 271 5 is_stmt 1 view .LVU79
 310              		.loc 1 271 7 is_stmt 0 view .LVU80
 311 002e 0729     		cmp	r1, #7
 312 0030 2AD0     		beq	.L28
 313              	.L13:
 272:./libraries/drivers/src/at32f413_dma.c ****     {
 273:./libraries/drivers/src/at32f413_dma.c ****       dma_x->src_sel1_bit.ch7_src = flexible_request;
 274:./libraries/drivers/src/at32f413_dma.c ****     }
 275:./libraries/drivers/src/at32f413_dma.c ****   }
 276:./libraries/drivers/src/at32f413_dma.c **** }
 314              		.loc 1 276 1 view .LVU81
 315 0032 7047     		bx	lr
 316              	.L22:
 247:./libraries/drivers/src/at32f413_dma.c ****   }
 317              		.loc 1 247 5 is_stmt 1 view .LVU82
 247:./libraries/drivers/src/at32f413_dma.c ****   }
 318              		.loc 1 247 33 is_stmt 0 view .LVU83
 319 0034 D0F8A030 		ldr	r3, [r0, #160]
 320              	.LVL15:
 247:./libraries/drivers/src/at32f413_dma.c ****   }
 321              		.loc 1 247 33 view .LVU84
 322 0038 62F30703 		bfi	r3, r2, #0, #8
 323 003c C0F8A030 		str	r3, [r0, #160]
 324 0040 7047     		bx	lr
 325              	.LVL16:
 326              	.L23:
 251:./libraries/drivers/src/at32f413_dma.c ****   }
 327              		.loc 1 251 5 is_stmt 1 view .LVU85
 251:./libraries/drivers/src/at32f413_dma.c ****   }
 328              		.loc 1 251 33 is_stmt 0 view .LVU86
 329 0042 D0F8A030 		ldr	r3, [r0, #160]
 330 0046 62F30F23 		bfi	r3, r2, #8, #8
 331 004a C0F8A030 		str	r3, [r0, #160]
 332 004e 7047     		bx	lr
 333              	.L24:
 255:./libraries/drivers/src/at32f413_dma.c ****   }
 334              		.loc 1 255 5 is_stmt 1 view .LVU87
 255:./libraries/drivers/src/at32f413_dma.c ****   }
 335              		.loc 1 255 33 is_stmt 0 view .LVU88
 336 0050 D0F8A030 		ldr	r3, [r0, #160]
 337 0054 62F31743 		bfi	r3, r2, #16, #8
 338 0058 C0F8A030 		str	r3, [r0, #160]
 339 005c 7047     		bx	lr
 340              	.L25:
 259:./libraries/drivers/src/at32f413_dma.c ****   }
 341              		.loc 1 259 5 is_stmt 1 view .LVU89
 259:./libraries/drivers/src/at32f413_dma.c ****   }
 342              		.loc 1 259 33 is_stmt 0 view .LVU90
ARM GAS  C:\Users\J\AppData\Local\Temp\ccfHChm1.s 			page 12


 343 005e D0F8A030 		ldr	r3, [r0, #160]
 344 0062 62F31F63 		bfi	r3, r2, #24, #8
 345 0066 C0F8A030 		str	r3, [r0, #160]
 346 006a 7047     		bx	lr
 347              	.L26:
 263:./libraries/drivers/src/at32f413_dma.c ****   }
 348              		.loc 1 263 5 is_stmt 1 view .LVU91
 263:./libraries/drivers/src/at32f413_dma.c ****   }
 349              		.loc 1 263 33 is_stmt 0 view .LVU92
 350 006c D0F8A430 		ldr	r3, [r0, #164]
 351              	.LVL17:
 263:./libraries/drivers/src/at32f413_dma.c ****   }
 352              		.loc 1 263 33 view .LVU93
 353 0070 62F30703 		bfi	r3, r2, #0, #8
 354 0074 C0F8A430 		str	r3, [r0, #164]
 355 0078 7047     		bx	lr
 356              	.LVL18:
 357              	.L27:
 267:./libraries/drivers/src/at32f413_dma.c ****   }
 358              		.loc 1 267 5 is_stmt 1 view .LVU94
 267:./libraries/drivers/src/at32f413_dma.c ****   }
 359              		.loc 1 267 33 is_stmt 0 view .LVU95
 360 007a D0F8A430 		ldr	r3, [r0, #164]
 361 007e 62F30F23 		bfi	r3, r2, #8, #8
 362 0082 C0F8A430 		str	r3, [r0, #164]
 363 0086 7047     		bx	lr
 364              	.L28:
 273:./libraries/drivers/src/at32f413_dma.c ****     }
 365              		.loc 1 273 7 is_stmt 1 view .LVU96
 273:./libraries/drivers/src/at32f413_dma.c ****     }
 366              		.loc 1 273 35 is_stmt 0 view .LVU97
 367 0088 D0F8A430 		ldr	r3, [r0, #164]
 368 008c 62F31743 		bfi	r3, r2, #16, #8
 369 0090 C0F8A430 		str	r3, [r0, #164]
 370              		.loc 1 276 1 view .LVU98
 371 0094 CDE7     		b	.L13
 372              		.cfi_endproc
 373              	.LFE138:
 375              		.section	.text.dma_flag_get,"ax",%progbits
 376              		.align	1
 377              		.global	dma_flag_get
 378              		.syntax unified
 379              		.thumb
 380              		.thumb_func
 381              		.fpu fpv4-sp-d16
 383              	dma_flag_get:
 384              	.LVL19:
 385              	.LFB139:
 277:./libraries/drivers/src/at32f413_dma.c **** 
 278:./libraries/drivers/src/at32f413_dma.c **** /**
 279:./libraries/drivers/src/at32f413_dma.c ****   * @brief  get dma flag
 280:./libraries/drivers/src/at32f413_dma.c ****   * @param  dmax_flag
 281:./libraries/drivers/src/at32f413_dma.c ****   *         this parameter can be one of the following values:
 282:./libraries/drivers/src/at32f413_dma.c ****   *         - DMA1_GL1_FLAG        - DMA1_FDT1_FLAG        - DMA1_HDT1_FLAG        - DMA1_DTERR1_FL
 283:./libraries/drivers/src/at32f413_dma.c ****   *         - DMA1_GL2_FLAG        - DMA1_FDT2_FLAG        - DMA1_HDT2_FLAG        - DMA1_DTERR2_FL
 284:./libraries/drivers/src/at32f413_dma.c ****   *         - DMA1_GL3_FLAG        - DMA1_FDT3_FLAG        - DMA1_HDT3_FLAG        - DMA1_DTERR3_FL
 285:./libraries/drivers/src/at32f413_dma.c ****   *         - DMA1_GL4_FLAG        - DMA1_FDT4_FLAG        - DMA1_HDT4_FLAG        - DMA1_DTERR4_FL
ARM GAS  C:\Users\J\AppData\Local\Temp\ccfHChm1.s 			page 13


 286:./libraries/drivers/src/at32f413_dma.c ****   *         - DMA1_GL5_FLAG        - DMA1_FDT5_FLAG        - DMA1_HDT5_FLAG        - DMA1_DTERR5_FL
 287:./libraries/drivers/src/at32f413_dma.c ****   *         - DMA1_GL6_FLAG        - DMA1_FDT6_FLAG        - DMA1_HDT6_FLAG        - DMA1_DTERR6_FL
 288:./libraries/drivers/src/at32f413_dma.c ****   *         - DMA1_GL7_FLAG        - DMA1_FDT7_FLAG        - DMA1_HDT7_FLAG        - DMA1_DTERR7_FL
 289:./libraries/drivers/src/at32f413_dma.c ****   *         - DMA2_GL1_FLAG        - DMA2_FDT1_FLAG        - DMA2_HDT1_FLAG        - DMA2_DTERR1_FL
 290:./libraries/drivers/src/at32f413_dma.c ****   *         - DMA2_GL2_FLAG        - DMA2_FDT2_FLAG        - DMA2_HDT2_FLAG        - DMA2_DTERR2_FL
 291:./libraries/drivers/src/at32f413_dma.c ****   *         - DMA2_GL3_FLAG        - DMA2_FDT3_FLAG        - DMA2_HDT3_FLAG        - DMA2_DTERR3_FL
 292:./libraries/drivers/src/at32f413_dma.c ****   *         - DMA2_GL4_FLAG        - DMA2_FDT4_FLAG        - DMA2_HDT4_FLAG        - DMA2_DTERR4_FL
 293:./libraries/drivers/src/at32f413_dma.c ****   *         - DMA2_GL5_FLAG        - DMA2_FDT5_FLAG        - DMA2_HDT5_FLAG        - DMA2_DTERR5_FL
 294:./libraries/drivers/src/at32f413_dma.c ****   *         - DMA2_GL6_FLAG        - DMA2_FDT6_FLAG        - DMA2_HDT6_FLAG        - DMA2_DTERR6_FL
 295:./libraries/drivers/src/at32f413_dma.c ****   *         - DMA2_GL7_FLAG        - DMA2_FDT7_FLAG        - DMA2_HDT7_FLAG        - DMA2_DTERR7_FL
 296:./libraries/drivers/src/at32f413_dma.c ****   * @retval state of dma flag
 297:./libraries/drivers/src/at32f413_dma.c ****   */
 298:./libraries/drivers/src/at32f413_dma.c **** flag_status dma_flag_get(uint32_t dmax_flag)
 299:./libraries/drivers/src/at32f413_dma.c **** {
 386              		.loc 1 299 1 is_stmt 1 view -0
 387              		.cfi_startproc
 388              		@ args = 0, pretend = 0, frame = 0
 389              		@ frame_needed = 0, uses_anonymous_args = 0
 390              		@ link register save eliminated.
 300:./libraries/drivers/src/at32f413_dma.c ****   flag_status status = RESET;
 391              		.loc 1 300 3 view .LVU100
 301:./libraries/drivers/src/at32f413_dma.c ****   uint32_t temp = 0;
 392              		.loc 1 301 3 view .LVU101
 302:./libraries/drivers/src/at32f413_dma.c **** 
 303:./libraries/drivers/src/at32f413_dma.c ****   if(dmax_flag > 0x10000000)
 393              		.loc 1 303 3 view .LVU102
 394              		.loc 1 303 5 is_stmt 0 view .LVU103
 395 0000 B0F1805F 		cmp	r0, #268435456
 396 0004 05D9     		bls	.L30
 304:./libraries/drivers/src/at32f413_dma.c ****   {
 305:./libraries/drivers/src/at32f413_dma.c ****     temp = DMA2->sts;
 397              		.loc 1 305 5 is_stmt 1 view .LVU104
 398              		.loc 1 305 10 is_stmt 0 view .LVU105
 399 0006 054B     		ldr	r3, .L34
 400 0008 1B68     		ldr	r3, [r3]
 401              	.LVL20:
 402              	.L31:
 306:./libraries/drivers/src/at32f413_dma.c ****   }
 307:./libraries/drivers/src/at32f413_dma.c ****   else
 308:./libraries/drivers/src/at32f413_dma.c ****   {
 309:./libraries/drivers/src/at32f413_dma.c ****     temp = DMA1->sts;
 310:./libraries/drivers/src/at32f413_dma.c ****   }
 311:./libraries/drivers/src/at32f413_dma.c **** 
 312:./libraries/drivers/src/at32f413_dma.c ****   if ((temp & dmax_flag) != (uint16_t)RESET)
 403              		.loc 1 312 3 is_stmt 1 view .LVU106
 404              		.loc 1 312 6 is_stmt 0 view .LVU107
 405 000a 0342     		tst	r3, r0
 406 000c 04D0     		beq	.L33
 313:./libraries/drivers/src/at32f413_dma.c ****   {
 314:./libraries/drivers/src/at32f413_dma.c ****     status = SET;
 407              		.loc 1 314 12 view .LVU108
 408 000e 0120     		movs	r0, #1
 409              	.LVL21:
 410              		.loc 1 314 12 view .LVU109
 411 0010 7047     		bx	lr
 412              	.LVL22:
 413              	.L30:
ARM GAS  C:\Users\J\AppData\Local\Temp\ccfHChm1.s 			page 14


 309:./libraries/drivers/src/at32f413_dma.c ****   }
 414              		.loc 1 309 5 is_stmt 1 view .LVU110
 309:./libraries/drivers/src/at32f413_dma.c ****   }
 415              		.loc 1 309 10 is_stmt 0 view .LVU111
 416 0012 034B     		ldr	r3, .L34+4
 417 0014 1B68     		ldr	r3, [r3]
 418              	.LVL23:
 309:./libraries/drivers/src/at32f413_dma.c ****   }
 419              		.loc 1 309 10 view .LVU112
 420 0016 F8E7     		b	.L31
 421              	.L33:
 315:./libraries/drivers/src/at32f413_dma.c ****   }
 316:./libraries/drivers/src/at32f413_dma.c ****   else
 317:./libraries/drivers/src/at32f413_dma.c ****   {
 318:./libraries/drivers/src/at32f413_dma.c ****     status = RESET;
 422              		.loc 1 318 12 view .LVU113
 423 0018 0020     		movs	r0, #0
 424              	.LVL24:
 319:./libraries/drivers/src/at32f413_dma.c ****   }
 320:./libraries/drivers/src/at32f413_dma.c **** 
 321:./libraries/drivers/src/at32f413_dma.c ****   return status;
 425              		.loc 1 321 3 is_stmt 1 view .LVU114
 322:./libraries/drivers/src/at32f413_dma.c **** }
 426              		.loc 1 322 1 is_stmt 0 view .LVU115
 427 001a 7047     		bx	lr
 428              	.L35:
 429              		.align	2
 430              	.L34:
 431 001c 00040240 		.word	1073873920
 432 0020 00000240 		.word	1073872896
 433              		.cfi_endproc
 434              	.LFE139:
 436              		.section	.text.dma_flag_clear,"ax",%progbits
 437              		.align	1
 438              		.global	dma_flag_clear
 439              		.syntax unified
 440              		.thumb
 441              		.thumb_func
 442              		.fpu fpv4-sp-d16
 444              	dma_flag_clear:
 445              	.LVL25:
 446              	.LFB140:
 323:./libraries/drivers/src/at32f413_dma.c **** 
 324:./libraries/drivers/src/at32f413_dma.c **** /**
 325:./libraries/drivers/src/at32f413_dma.c ****   * @brief  clear dma flag
 326:./libraries/drivers/src/at32f413_dma.c ****   * @param  dmax_flag
 327:./libraries/drivers/src/at32f413_dma.c ****   *         this parameter can be one of the following values:
 328:./libraries/drivers/src/at32f413_dma.c ****   *         - DMA1_GL1_FLAG        - DMA1_FDT1_FLAG        - DMA1_HDT1_FLAG        - DMA1_DTERR1_FL
 329:./libraries/drivers/src/at32f413_dma.c ****   *         - DMA1_GL2_FLAG        - DMA1_FDT2_FLAG        - DMA1_HDT2_FLAG        - DMA1_DTERR2_FL
 330:./libraries/drivers/src/at32f413_dma.c ****   *         - DMA1_GL3_FLAG        - DMA1_FDT3_FLAG        - DMA1_HDT3_FLAG        - DMA1_DTERR3_FL
 331:./libraries/drivers/src/at32f413_dma.c ****   *         - DMA1_GL4_FLAG        - DMA1_FDT4_FLAG        - DMA1_HDT4_FLAG        - DMA1_DTERR4_FL
 332:./libraries/drivers/src/at32f413_dma.c ****   *         - DMA1_GL5_FLAG        - DMA1_FDT5_FLAG        - DMA1_HDT5_FLAG        - DMA1_DTERR5_FL
 333:./libraries/drivers/src/at32f413_dma.c ****   *         - DMA1_GL6_FLAG        - DMA1_FDT6_FLAG        - DMA1_HDT6_FLAG        - DMA1_DTERR6_FL
 334:./libraries/drivers/src/at32f413_dma.c ****   *         - DMA1_GL7_FLAG        - DMA1_FDT7_FLAG        - DMA1_HDT7_FLAG        - DMA1_DTERR7_FL
 335:./libraries/drivers/src/at32f413_dma.c ****   *         - DMA2_GL1_FLAG        - DMA2_FDT1_FLAG        - DMA2_HDT1_FLAG        - DMA2_DTERR1_FL
 336:./libraries/drivers/src/at32f413_dma.c ****   *         - DMA2_GL2_FLAG        - DMA2_FDT2_FLAG        - DMA2_HDT2_FLAG        - DMA2_DTERR2_FL
 337:./libraries/drivers/src/at32f413_dma.c ****   *         - DMA2_GL3_FLAG        - DMA2_FDT3_FLAG        - DMA2_HDT3_FLAG        - DMA2_DTERR3_FL
ARM GAS  C:\Users\J\AppData\Local\Temp\ccfHChm1.s 			page 15


 338:./libraries/drivers/src/at32f413_dma.c ****   *         - DMA2_GL4_FLAG        - DMA2_FDT4_FLAG        - DMA2_HDT4_FLAG        - DMA2_DTERR4_FL
 339:./libraries/drivers/src/at32f413_dma.c ****   *         - DMA2_GL5_FLAG        - DMA2_FDT5_FLAG        - DMA2_HDT5_FLAG        - DMA2_DTERR5_FL
 340:./libraries/drivers/src/at32f413_dma.c ****   *         - DMA2_GL6_FLAG        - DMA2_FDT6_FLAG        - DMA2_HDT6_FLAG        - DMA2_DTERR6_FL
 341:./libraries/drivers/src/at32f413_dma.c ****   *         - DMA2_GL7_FLAG        - DMA2_FDT7_FLAG        - DMA2_HDT7_FLAG        - DMA2_DTERR7_FL
 342:./libraries/drivers/src/at32f413_dma.c ****   * @retval none
 343:./libraries/drivers/src/at32f413_dma.c ****   */
 344:./libraries/drivers/src/at32f413_dma.c **** void dma_flag_clear(uint32_t dmax_flag)
 345:./libraries/drivers/src/at32f413_dma.c **** {
 447              		.loc 1 345 1 is_stmt 1 view -0
 448              		.cfi_startproc
 449              		@ args = 0, pretend = 0, frame = 0
 450              		@ frame_needed = 0, uses_anonymous_args = 0
 451              		@ link register save eliminated.
 346:./libraries/drivers/src/at32f413_dma.c ****   if(dmax_flag > ((uint32_t)0x10000000))
 452              		.loc 1 346 3 view .LVU117
 453              		.loc 1 346 5 is_stmt 0 view .LVU118
 454 0000 B0F1805F 		cmp	r0, #268435456
 455 0004 04D9     		bls	.L37
 347:./libraries/drivers/src/at32f413_dma.c ****   {
 348:./libraries/drivers/src/at32f413_dma.c ****     DMA2->clr = (uint32_t)(dmax_flag & 0x0FFFFFFF);
 456              		.loc 1 348 5 is_stmt 1 view .LVU119
 457              		.loc 1 348 17 is_stmt 0 view .LVU120
 458 0006 20F07040 		bic	r0, r0, #-268435456
 459              	.LVL26:
 460              		.loc 1 348 15 view .LVU121
 461 000a 034B     		ldr	r3, .L39
 462 000c 5860     		str	r0, [r3, #4]
 463 000e 7047     		bx	lr
 464              	.LVL27:
 465              	.L37:
 349:./libraries/drivers/src/at32f413_dma.c ****   }
 350:./libraries/drivers/src/at32f413_dma.c ****   else
 351:./libraries/drivers/src/at32f413_dma.c ****   {
 352:./libraries/drivers/src/at32f413_dma.c ****     DMA1->clr = dmax_flag;
 466              		.loc 1 352 5 is_stmt 1 view .LVU122
 467              		.loc 1 352 15 is_stmt 0 view .LVU123
 468 0010 024B     		ldr	r3, .L39+4
 469 0012 5860     		str	r0, [r3, #4]
 353:./libraries/drivers/src/at32f413_dma.c ****   }
 354:./libraries/drivers/src/at32f413_dma.c **** }
 470              		.loc 1 354 1 view .LVU124
 471 0014 7047     		bx	lr
 472              	.L40:
 473 0016 00BF     		.align	2
 474              	.L39:
 475 0018 00040240 		.word	1073873920
 476 001c 00000240 		.word	1073872896
 477              		.cfi_endproc
 478              	.LFE140:
 480              		.section	.text.dma_default_para_init,"ax",%progbits
 481              		.align	1
 482              		.global	dma_default_para_init
 483              		.syntax unified
 484              		.thumb
 485              		.thumb_func
 486              		.fpu fpv4-sp-d16
 488              	dma_default_para_init:
ARM GAS  C:\Users\J\AppData\Local\Temp\ccfHChm1.s 			page 16


 489              	.LVL28:
 490              	.LFB141:
 355:./libraries/drivers/src/at32f413_dma.c **** 
 356:./libraries/drivers/src/at32f413_dma.c **** /**
 357:./libraries/drivers/src/at32f413_dma.c ****   * @brief  dma init config with its default value.
 358:./libraries/drivers/src/at32f413_dma.c ****   * @param  dma_init_struct : pointer to a dma_init_type structure which will
 359:./libraries/drivers/src/at32f413_dma.c ****   *         be initialized.
 360:./libraries/drivers/src/at32f413_dma.c ****   * @retval none
 361:./libraries/drivers/src/at32f413_dma.c ****   */
 362:./libraries/drivers/src/at32f413_dma.c **** void dma_default_para_init(dma_init_type* dma_init_struct)
 363:./libraries/drivers/src/at32f413_dma.c **** {
 491              		.loc 1 363 1 is_stmt 1 view -0
 492              		.cfi_startproc
 493              		@ args = 0, pretend = 0, frame = 0
 494              		@ frame_needed = 0, uses_anonymous_args = 0
 495              		@ link register save eliminated.
 364:./libraries/drivers/src/at32f413_dma.c ****   dma_init_struct->peripheral_base_addr = 0x0;
 496              		.loc 1 364 3 view .LVU126
 497              		.loc 1 364 41 is_stmt 0 view .LVU127
 498 0000 0023     		movs	r3, #0
 499 0002 0360     		str	r3, [r0]
 365:./libraries/drivers/src/at32f413_dma.c ****   dma_init_struct->memory_base_addr = 0x0;
 500              		.loc 1 365 3 is_stmt 1 view .LVU128
 501              		.loc 1 365 37 is_stmt 0 view .LVU129
 502 0004 4360     		str	r3, [r0, #4]
 366:./libraries/drivers/src/at32f413_dma.c ****   dma_init_struct->direction = DMA_DIR_PERIPHERAL_TO_MEMORY;
 503              		.loc 1 366 3 is_stmt 1 view .LVU130
 504              		.loc 1 366 30 is_stmt 0 view .LVU131
 505 0006 0381     		strh	r3, [r0, #8]	@ movhi
 367:./libraries/drivers/src/at32f413_dma.c ****   dma_init_struct->buffer_size = 0x0;
 506              		.loc 1 367 3 is_stmt 1 view .LVU132
 507              		.loc 1 367 32 is_stmt 0 view .LVU133
 508 0008 4381     		strh	r3, [r0, #10]	@ movhi
 368:./libraries/drivers/src/at32f413_dma.c ****   dma_init_struct->peripheral_inc_enable = FALSE;
 509              		.loc 1 368 3 is_stmt 1 view .LVU134
 510              		.loc 1 368 42 is_stmt 0 view .LVU135
 511 000a 0373     		strb	r3, [r0, #12]
 369:./libraries/drivers/src/at32f413_dma.c ****   dma_init_struct->memory_inc_enable = FALSE;
 512              		.loc 1 369 3 is_stmt 1 view .LVU136
 513              		.loc 1 369 38 is_stmt 0 view .LVU137
 514 000c 4373     		strb	r3, [r0, #13]
 370:./libraries/drivers/src/at32f413_dma.c ****   dma_init_struct->peripheral_data_width = DMA_PERIPHERAL_DATA_WIDTH_BYTE;
 515              		.loc 1 370 3 is_stmt 1 view .LVU138
 516              		.loc 1 370 42 is_stmt 0 view .LVU139
 517 000e 8373     		strb	r3, [r0, #14]
 371:./libraries/drivers/src/at32f413_dma.c ****   dma_init_struct->memory_data_width = DMA_MEMORY_DATA_WIDTH_BYTE;
 518              		.loc 1 371 3 is_stmt 1 view .LVU140
 519              		.loc 1 371 38 is_stmt 0 view .LVU141
 520 0010 C373     		strb	r3, [r0, #15]
 372:./libraries/drivers/src/at32f413_dma.c ****   dma_init_struct->loop_mode_enable = FALSE;
 521              		.loc 1 372 3 is_stmt 1 view .LVU142
 522              		.loc 1 372 37 is_stmt 0 view .LVU143
 523 0012 0374     		strb	r3, [r0, #16]
 373:./libraries/drivers/src/at32f413_dma.c ****   dma_init_struct->priority = DMA_PRIORITY_LOW;
 524              		.loc 1 373 3 is_stmt 1 view .LVU144
 525              		.loc 1 373 29 is_stmt 0 view .LVU145
 526 0014 4374     		strb	r3, [r0, #17]
ARM GAS  C:\Users\J\AppData\Local\Temp\ccfHChm1.s 			page 17


 374:./libraries/drivers/src/at32f413_dma.c **** }
 527              		.loc 1 374 1 view .LVU146
 528 0016 7047     		bx	lr
 529              		.cfi_endproc
 530              	.LFE141:
 532              		.section	.text.dma_init,"ax",%progbits
 533              		.align	1
 534              		.global	dma_init
 535              		.syntax unified
 536              		.thumb
 537              		.thumb_func
 538              		.fpu fpv4-sp-d16
 540              	dma_init:
 541              	.LVL29:
 542              	.LFB142:
 375:./libraries/drivers/src/at32f413_dma.c **** 
 376:./libraries/drivers/src/at32f413_dma.c **** /**
 377:./libraries/drivers/src/at32f413_dma.c ****   * @brief  dma init
 378:./libraries/drivers/src/at32f413_dma.c ****   * @param  dmax_channely:
 379:./libraries/drivers/src/at32f413_dma.c ****   *         this parameter can be one of the following values:
 380:./libraries/drivers/src/at32f413_dma.c ****   *         - DMA1_CHANNEL1
 381:./libraries/drivers/src/at32f413_dma.c ****   *         - DMA1_CHANNEL2
 382:./libraries/drivers/src/at32f413_dma.c ****   *         - DMA1_CHANNEL3
 383:./libraries/drivers/src/at32f413_dma.c ****   *         - DMA1_CHANNEL4
 384:./libraries/drivers/src/at32f413_dma.c ****   *         - DMA1_CHANNEL5
 385:./libraries/drivers/src/at32f413_dma.c ****   *         - DMA1_CHANNEL6
 386:./libraries/drivers/src/at32f413_dma.c ****   *         - DMA1_CHANNEL7
 387:./libraries/drivers/src/at32f413_dma.c ****   *         - DMA2_CHANNEL1
 388:./libraries/drivers/src/at32f413_dma.c ****   *         - DMA2_CHANNEL2
 389:./libraries/drivers/src/at32f413_dma.c ****   *         - DMA2_CHANNEL3
 390:./libraries/drivers/src/at32f413_dma.c ****   *         - DMA2_CHANNEL4
 391:./libraries/drivers/src/at32f413_dma.c ****   *         - DMA2_CHANNEL5
 392:./libraries/drivers/src/at32f413_dma.c ****   *         - DMA2_CHANNEL6
 393:./libraries/drivers/src/at32f413_dma.c ****   *         - DMA2_CHANNEL7
 394:./libraries/drivers/src/at32f413_dma.c ****   * @param  dma_initstruct : pointer to a dma_init_type structure.
 395:./libraries/drivers/src/at32f413_dma.c ****   * @retval none
 396:./libraries/drivers/src/at32f413_dma.c ****   */
 397:./libraries/drivers/src/at32f413_dma.c **** void dma_init(dma_channel_type* dmax_channely, dma_init_type* dma_init_struct)
 398:./libraries/drivers/src/at32f413_dma.c **** {
 543              		.loc 1 398 1 is_stmt 1 view -0
 544              		.cfi_startproc
 545              		@ args = 0, pretend = 0, frame = 0
 546              		@ frame_needed = 0, uses_anonymous_args = 0
 547              		@ link register save eliminated.
 399:./libraries/drivers/src/at32f413_dma.c ****   /* clear ctrl register dtd bit and m2m bit */
 400:./libraries/drivers/src/at32f413_dma.c ****   dmax_channely->ctrl &= 0xbfef;
 548              		.loc 1 400 3 view .LVU148
 549              		.loc 1 400 23 is_stmt 0 view .LVU149
 550 0000 0368     		ldr	r3, [r0]
 551 0002 23F48043 		bic	r3, r3, #16384
 552 0006 23F01003 		bic	r3, r3, #16
 553 000a 1B04     		lsls	r3, r3, #16
 554 000c 1B0C     		lsrs	r3, r3, #16
 555 000e 0360     		str	r3, [r0]
 401:./libraries/drivers/src/at32f413_dma.c ****   dmax_channely->ctrl |= dma_init_struct->direction;
 556              		.loc 1 401 3 is_stmt 1 view .LVU150
 557              		.loc 1 401 23 is_stmt 0 view .LVU151
ARM GAS  C:\Users\J\AppData\Local\Temp\ccfHChm1.s 			page 18


 558 0010 0368     		ldr	r3, [r0]
 559              		.loc 1 401 41 view .LVU152
 560 0012 0A89     		ldrh	r2, [r1, #8]
 561              		.loc 1 401 23 view .LVU153
 562 0014 1343     		orrs	r3, r3, r2
 563 0016 0360     		str	r3, [r0]
 402:./libraries/drivers/src/at32f413_dma.c **** 
 403:./libraries/drivers/src/at32f413_dma.c ****   dmax_channely->ctrl_bit.chpl =  dma_init_struct->priority;
 564              		.loc 1 403 3 is_stmt 1 view .LVU154
 565              		.loc 1 403 50 is_stmt 0 view .LVU155
 566 0018 4A7C     		ldrb	r2, [r1, #17]	@ zero_extendqisi2
 567              		.loc 1 403 32 view .LVU156
 568 001a 0368     		ldr	r3, [r0]
 569 001c 62F30D33 		bfi	r3, r2, #12, #2
 570 0020 0360     		str	r3, [r0]
 404:./libraries/drivers/src/at32f413_dma.c ****   dmax_channely->ctrl_bit.mwidth = dma_init_struct->memory_data_width;
 571              		.loc 1 404 3 is_stmt 1 view .LVU157
 572              		.loc 1 404 51 is_stmt 0 view .LVU158
 573 0022 CA7B     		ldrb	r2, [r1, #15]	@ zero_extendqisi2
 574              		.loc 1 404 34 view .LVU159
 575 0024 0368     		ldr	r3, [r0]
 576 0026 62F38B23 		bfi	r3, r2, #10, #2
 577 002a 0360     		str	r3, [r0]
 405:./libraries/drivers/src/at32f413_dma.c ****   dmax_channely->ctrl_bit.pwidth = dma_init_struct->peripheral_data_width;
 578              		.loc 1 405 3 is_stmt 1 view .LVU160
 579              		.loc 1 405 51 is_stmt 0 view .LVU161
 580 002c 8A7B     		ldrb	r2, [r1, #14]	@ zero_extendqisi2
 581              		.loc 1 405 34 view .LVU162
 582 002e 0368     		ldr	r3, [r0]
 583 0030 62F30923 		bfi	r3, r2, #8, #2
 584 0034 0360     		str	r3, [r0]
 406:./libraries/drivers/src/at32f413_dma.c ****   dmax_channely->ctrl_bit.mincm = dma_init_struct->memory_inc_enable;
 585              		.loc 1 406 3 is_stmt 1 view .LVU163
 586              		.loc 1 406 50 is_stmt 0 view .LVU164
 587 0036 4A7B     		ldrb	r2, [r1, #13]	@ zero_extendqisi2
 588              		.loc 1 406 33 view .LVU165
 589 0038 0368     		ldr	r3, [r0]
 590 003a 62F3C713 		bfi	r3, r2, #7, #1
 591 003e 0360     		str	r3, [r0]
 407:./libraries/drivers/src/at32f413_dma.c ****   dmax_channely->ctrl_bit.pincm = dma_init_struct->peripheral_inc_enable;
 592              		.loc 1 407 3 is_stmt 1 view .LVU166
 593              		.loc 1 407 50 is_stmt 0 view .LVU167
 594 0040 0A7B     		ldrb	r2, [r1, #12]	@ zero_extendqisi2
 595              		.loc 1 407 33 view .LVU168
 596 0042 0368     		ldr	r3, [r0]
 597 0044 62F38613 		bfi	r3, r2, #6, #1
 598 0048 0360     		str	r3, [r0]
 408:./libraries/drivers/src/at32f413_dma.c ****   dmax_channely->ctrl_bit.lm = dma_init_struct->loop_mode_enable;
 599              		.loc 1 408 3 is_stmt 1 view .LVU169
 600              		.loc 1 408 47 is_stmt 0 view .LVU170
 601 004a 0A7C     		ldrb	r2, [r1, #16]	@ zero_extendqisi2
 602              		.loc 1 408 30 view .LVU171
 603 004c 0368     		ldr	r3, [r0]
 604 004e 62F34513 		bfi	r3, r2, #5, #1
 605 0052 0360     		str	r3, [r0]
 409:./libraries/drivers/src/at32f413_dma.c ****   dmax_channely->dtcnt = dma_init_struct->buffer_size;
 606              		.loc 1 409 3 is_stmt 1 view .LVU172
ARM GAS  C:\Users\J\AppData\Local\Temp\ccfHChm1.s 			page 19


 607              		.loc 1 409 41 is_stmt 0 view .LVU173
 608 0054 4B89     		ldrh	r3, [r1, #10]
 609              		.loc 1 409 24 view .LVU174
 610 0056 4360     		str	r3, [r0, #4]
 410:./libraries/drivers/src/at32f413_dma.c ****   dmax_channely->paddr = dma_init_struct->peripheral_base_addr;
 611              		.loc 1 410 3 is_stmt 1 view .LVU175
 612              		.loc 1 410 41 is_stmt 0 view .LVU176
 613 0058 0B68     		ldr	r3, [r1]
 614              		.loc 1 410 24 view .LVU177
 615 005a 8360     		str	r3, [r0, #8]
 411:./libraries/drivers/src/at32f413_dma.c ****   dmax_channely->maddr = dma_init_struct->memory_base_addr;
 616              		.loc 1 411 3 is_stmt 1 view .LVU178
 617              		.loc 1 411 41 is_stmt 0 view .LVU179
 618 005c 4B68     		ldr	r3, [r1, #4]
 619              		.loc 1 411 24 view .LVU180
 620 005e C360     		str	r3, [r0, #12]
 412:./libraries/drivers/src/at32f413_dma.c **** }
 621              		.loc 1 412 1 view .LVU181
 622 0060 7047     		bx	lr
 623              		.cfi_endproc
 624              	.LFE142:
 626              		.text
 627              	.Letext0:
 628              		.file 2 "c:\\gcc-arm-none-eabi-10.3-2021.07\\arm-none-eabi\\include\\machine\\_default_types.h"
 629              		.file 3 "c:\\gcc-arm-none-eabi-10.3-2021.07\\arm-none-eabi\\include\\sys\\_stdint.h"
 630              		.file 4 "./libraries/cmsis/cm4/device_support/at32f413.h"
 631              		.file 5 "./libraries/drivers/inc/at32f413_dma.h"
ARM GAS  C:\Users\J\AppData\Local\Temp\ccfHChm1.s 			page 20


DEFINED SYMBOLS
                            *ABS*:00000000 at32f413_dma.c
C:\Users\J\AppData\Local\Temp\ccfHChm1.s:18     .text.dma_reset:00000000 $t
C:\Users\J\AppData\Local\Temp\ccfHChm1.s:26     .text.dma_reset:00000000 dma_reset
C:\Users\J\AppData\Local\Temp\ccfHChm1.s:134    .text.dma_reset:00000068 $d
C:\Users\J\AppData\Local\Temp\ccfHChm1.s:141    .text.dma_data_number_set:00000000 $t
C:\Users\J\AppData\Local\Temp\ccfHChm1.s:148    .text.dma_data_number_set:00000000 dma_data_number_set
C:\Users\J\AppData\Local\Temp\ccfHChm1.s:165    .text.dma_data_number_get:00000000 $t
C:\Users\J\AppData\Local\Temp\ccfHChm1.s:172    .text.dma_data_number_get:00000000 dma_data_number_get
C:\Users\J\AppData\Local\Temp\ccfHChm1.s:191    .text.dma_interrupt_enable:00000000 $t
C:\Users\J\AppData\Local\Temp\ccfHChm1.s:198    .text.dma_interrupt_enable:00000000 dma_interrupt_enable
C:\Users\J\AppData\Local\Temp\ccfHChm1.s:232    .text.dma_channel_enable:00000000 $t
C:\Users\J\AppData\Local\Temp\ccfHChm1.s:239    .text.dma_channel_enable:00000000 dma_channel_enable
C:\Users\J\AppData\Local\Temp\ccfHChm1.s:258    .text.dma_flexible_config:00000000 $t
C:\Users\J\AppData\Local\Temp\ccfHChm1.s:265    .text.dma_flexible_config:00000000 dma_flexible_config
C:\Users\J\AppData\Local\Temp\ccfHChm1.s:376    .text.dma_flag_get:00000000 $t
C:\Users\J\AppData\Local\Temp\ccfHChm1.s:383    .text.dma_flag_get:00000000 dma_flag_get
C:\Users\J\AppData\Local\Temp\ccfHChm1.s:431    .text.dma_flag_get:0000001c $d
C:\Users\J\AppData\Local\Temp\ccfHChm1.s:437    .text.dma_flag_clear:00000000 $t
C:\Users\J\AppData\Local\Temp\ccfHChm1.s:444    .text.dma_flag_clear:00000000 dma_flag_clear
C:\Users\J\AppData\Local\Temp\ccfHChm1.s:475    .text.dma_flag_clear:00000018 $d
C:\Users\J\AppData\Local\Temp\ccfHChm1.s:481    .text.dma_default_para_init:00000000 $t
C:\Users\J\AppData\Local\Temp\ccfHChm1.s:488    .text.dma_default_para_init:00000000 dma_default_para_init
C:\Users\J\AppData\Local\Temp\ccfHChm1.s:533    .text.dma_init:00000000 $t
C:\Users\J\AppData\Local\Temp\ccfHChm1.s:540    .text.dma_init:00000000 dma_init

NO UNDEFINED SYMBOLS
