ARM GAS  C:\Users\J\AppData\Local\Temp\ccVumNGe.s 			page 1


   1              		.cpu cortex-m4
   2              		.eabi_attribute 27, 1
   3              		.eabi_attribute 28, 1
   4              		.eabi_attribute 20, 1
   5              		.eabi_attribute 21, 1
   6              		.eabi_attribute 23, 3
   7              		.eabi_attribute 24, 1
   8              		.eabi_attribute 25, 1
   9              		.eabi_attribute 26, 1
  10              		.eabi_attribute 30, 1
  11              		.eabi_attribute 34, 1
  12              		.eabi_attribute 18, 4
  13              		.file	"at32f413_bpr.c"
  14              		.text
  15              	.Ltext0:
  16              		.cfi_sections	.debug_frame
  17              		.section	.text.bpr_reset,"ax",%progbits
  18              		.align	1
  19              		.global	bpr_reset
  20              		.arch armv7e-m
  21              		.syntax unified
  22              		.thumb
  23              		.thumb_func
  24              		.fpu fpv4-sp-d16
  26              	bpr_reset:
  27              	.LFB133:
  28              		.file 1 "./libraries/drivers/src/at32f413_bpr.c"
   1:./libraries/drivers/src/at32f413_bpr.c **** /**
   2:./libraries/drivers/src/at32f413_bpr.c ****   **************************************************************************
   3:./libraries/drivers/src/at32f413_bpr.c ****   * @file     at32f413_bpr.c
   4:./libraries/drivers/src/at32f413_bpr.c ****   * @version  v2.0.5
   5:./libraries/drivers/src/at32f413_bpr.c ****   * @date     2022-05-20
   6:./libraries/drivers/src/at32f413_bpr.c ****   * @brief    contains all the functions for the bpr firmware library
   7:./libraries/drivers/src/at32f413_bpr.c ****   **************************************************************************
   8:./libraries/drivers/src/at32f413_bpr.c ****   *                       Copyright notice & Disclaimer
   9:./libraries/drivers/src/at32f413_bpr.c ****   *
  10:./libraries/drivers/src/at32f413_bpr.c ****   * The software Board Support Package (BSP) that is made available to
  11:./libraries/drivers/src/at32f413_bpr.c ****   * download from Artery official website is the copyrighted work of Artery.
  12:./libraries/drivers/src/at32f413_bpr.c ****   * Artery authorizes customers to use, copy, and distribute the BSP
  13:./libraries/drivers/src/at32f413_bpr.c ****   * software and its related documentation for the purpose of design and
  14:./libraries/drivers/src/at32f413_bpr.c ****   * development in conjunction with Artery microcontrollers. Use of the
  15:./libraries/drivers/src/at32f413_bpr.c ****   * software is governed by this copyright notice and the following disclaimer.
  16:./libraries/drivers/src/at32f413_bpr.c ****   *
  17:./libraries/drivers/src/at32f413_bpr.c ****   * THIS SOFTWARE IS PROVIDED ON "AS IS" BASIS WITHOUT WARRANTIES,
  18:./libraries/drivers/src/at32f413_bpr.c ****   * GUARANTEES OR REPRESENTATIONS OF ANY KIND. ARTERY EXPRESSLY DISCLAIMS,
  19:./libraries/drivers/src/at32f413_bpr.c ****   * TO THE FULLEST EXTENT PERMITTED BY LAW, ALL EXPRESS, IMPLIED OR
  20:./libraries/drivers/src/at32f413_bpr.c ****   * STATUTORY OR OTHER WARRANTIES, GUARANTEES OR REPRESENTATIONS,
  21:./libraries/drivers/src/at32f413_bpr.c ****   * INCLUDING BUT NOT LIMITED TO, THE IMPLIED WARRANTIES OF MERCHANTABILITY,
  22:./libraries/drivers/src/at32f413_bpr.c ****   * FITNESS FOR A PARTICULAR PURPOSE, OR NON-INFRINGEMENT.
  23:./libraries/drivers/src/at32f413_bpr.c ****   *
  24:./libraries/drivers/src/at32f413_bpr.c ****   **************************************************************************
  25:./libraries/drivers/src/at32f413_bpr.c ****   */
  26:./libraries/drivers/src/at32f413_bpr.c **** 
  27:./libraries/drivers/src/at32f413_bpr.c **** #include "at32f413_conf.h"
  28:./libraries/drivers/src/at32f413_bpr.c **** 
  29:./libraries/drivers/src/at32f413_bpr.c **** /** @addtogroup AT32F413_periph_driver
  30:./libraries/drivers/src/at32f413_bpr.c ****   * @{
ARM GAS  C:\Users\J\AppData\Local\Temp\ccVumNGe.s 			page 2


  31:./libraries/drivers/src/at32f413_bpr.c ****   */
  32:./libraries/drivers/src/at32f413_bpr.c **** 
  33:./libraries/drivers/src/at32f413_bpr.c **** /** @defgroup BPR
  34:./libraries/drivers/src/at32f413_bpr.c ****   * @brief BPR driver modules
  35:./libraries/drivers/src/at32f413_bpr.c ****   * @{
  36:./libraries/drivers/src/at32f413_bpr.c ****   */
  37:./libraries/drivers/src/at32f413_bpr.c **** 
  38:./libraries/drivers/src/at32f413_bpr.c **** #ifdef BPR_MODULE_ENABLED
  39:./libraries/drivers/src/at32f413_bpr.c **** 
  40:./libraries/drivers/src/at32f413_bpr.c **** /** @defgroup BPR_private_functions
  41:./libraries/drivers/src/at32f413_bpr.c ****   * @{
  42:./libraries/drivers/src/at32f413_bpr.c ****   */
  43:./libraries/drivers/src/at32f413_bpr.c **** 
  44:./libraries/drivers/src/at32f413_bpr.c **** /**
  45:./libraries/drivers/src/at32f413_bpr.c ****   * @brief  bpr reset by crm reset register
  46:./libraries/drivers/src/at32f413_bpr.c ****   * @param  none
  47:./libraries/drivers/src/at32f413_bpr.c ****   * @retval none
  48:./libraries/drivers/src/at32f413_bpr.c ****   */
  49:./libraries/drivers/src/at32f413_bpr.c **** void bpr_reset(void)
  50:./libraries/drivers/src/at32f413_bpr.c **** {
  29              		.loc 1 50 1 view -0
  30              		.cfi_startproc
  31              		@ args = 0, pretend = 0, frame = 0
  32              		@ frame_needed = 0, uses_anonymous_args = 0
  33 0000 08B5     		push	{r3, lr}
  34              	.LCFI0:
  35              		.cfi_def_cfa_offset 8
  36              		.cfi_offset 3, -8
  37              		.cfi_offset 14, -4
  51:./libraries/drivers/src/at32f413_bpr.c ****   crm_battery_powered_domain_reset(TRUE);
  38              		.loc 1 51 3 view .LVU1
  39 0002 0120     		movs	r0, #1
  40 0004 FFF7FEFF 		bl	crm_battery_powered_domain_reset
  41              	.LVL0:
  52:./libraries/drivers/src/at32f413_bpr.c ****   crm_battery_powered_domain_reset(FALSE);
  42              		.loc 1 52 3 view .LVU2
  43 0008 0020     		movs	r0, #0
  44 000a FFF7FEFF 		bl	crm_battery_powered_domain_reset
  45              	.LVL1:
  53:./libraries/drivers/src/at32f413_bpr.c **** }
  46              		.loc 1 53 1 is_stmt 0 view .LVU3
  47 000e 08BD     		pop	{r3, pc}
  48              		.cfi_endproc
  49              	.LFE133:
  51              		.section	.text.bpr_flag_get,"ax",%progbits
  52              		.align	1
  53              		.global	bpr_flag_get
  54              		.syntax unified
  55              		.thumb
  56              		.thumb_func
  57              		.fpu fpv4-sp-d16
  59              	bpr_flag_get:
  60              	.LVL2:
  61              	.LFB134:
  54:./libraries/drivers/src/at32f413_bpr.c **** 
  55:./libraries/drivers/src/at32f413_bpr.c **** /**
  56:./libraries/drivers/src/at32f413_bpr.c ****   * @brief  bpr event flag get, for tamper event flag
ARM GAS  C:\Users\J\AppData\Local\Temp\ccVumNGe.s 			page 3


  57:./libraries/drivers/src/at32f413_bpr.c ****   * @param  flag: specifies the flag to check.
  58:./libraries/drivers/src/at32f413_bpr.c ****   *         this parameter can be one of the following values:
  59:./libraries/drivers/src/at32f413_bpr.c ****   *         - BPR_TAMPER_INTERRUPT_FLAG: tamper interrupt flag
  60:./libraries/drivers/src/at32f413_bpr.c ****   *         - BPR_TAMPER_EVENT_FLAG:   tamper event flag
  61:./libraries/drivers/src/at32f413_bpr.c ****   * @retval state of tamper event flag
  62:./libraries/drivers/src/at32f413_bpr.c ****   */
  63:./libraries/drivers/src/at32f413_bpr.c **** flag_status bpr_flag_get(uint32_t flag)
  64:./libraries/drivers/src/at32f413_bpr.c **** {
  62              		.loc 1 64 1 is_stmt 1 view -0
  63              		.cfi_startproc
  64              		@ args = 0, pretend = 0, frame = 0
  65              		@ frame_needed = 0, uses_anonymous_args = 0
  66              		@ link register save eliminated.
  65:./libraries/drivers/src/at32f413_bpr.c ****   if(flag == BPR_TAMPER_INTERRUPT_FLAG)
  67              		.loc 1 65 3 view .LVU5
  68              		.loc 1 65 5 is_stmt 0 view .LVU6
  69 0000 0128     		cmp	r0, #1
  70 0002 04D0     		beq	.L6
  66:./libraries/drivers/src/at32f413_bpr.c ****   {
  67:./libraries/drivers/src/at32f413_bpr.c ****     return (flag_status)(BPR->ctrlsts_bit.tpif);
  68:./libraries/drivers/src/at32f413_bpr.c ****   }
  69:./libraries/drivers/src/at32f413_bpr.c ****   else
  70:./libraries/drivers/src/at32f413_bpr.c ****   {
  71:./libraries/drivers/src/at32f413_bpr.c ****     return (flag_status)(BPR->ctrlsts_bit.tpef);
  71              		.loc 1 71 5 is_stmt 1 view .LVU7
  72              		.loc 1 71 42 is_stmt 0 view .LVU8
  73 0004 044B     		ldr	r3, .L7
  74 0006 586B     		ldr	r0, [r3, #52]
  75              	.LVL3:
  76              		.loc 1 71 42 view .LVU9
  77 0008 C0F30020 		ubfx	r0, r0, #8, #1
  72:./libraries/drivers/src/at32f413_bpr.c ****   }
  73:./libraries/drivers/src/at32f413_bpr.c **** }
  78              		.loc 1 73 1 view .LVU10
  79 000c 7047     		bx	lr
  80              	.LVL4:
  81              	.L6:
  67:./libraries/drivers/src/at32f413_bpr.c ****   }
  82              		.loc 1 67 5 is_stmt 1 view .LVU11
  67:./libraries/drivers/src/at32f413_bpr.c ****   }
  83              		.loc 1 67 42 is_stmt 0 view .LVU12
  84 000e 024B     		ldr	r3, .L7
  85 0010 586B     		ldr	r0, [r3, #52]
  86              	.LVL5:
  67:./libraries/drivers/src/at32f413_bpr.c ****   }
  87              		.loc 1 67 42 view .LVU13
  88 0012 C0F34020 		ubfx	r0, r0, #9, #1
  67:./libraries/drivers/src/at32f413_bpr.c ****   }
  89              		.loc 1 67 12 view .LVU14
  90 0016 7047     		bx	lr
  91              	.L8:
  92              		.align	2
  93              	.L7:
  94 0018 006C0040 		.word	1073769472
  95              		.cfi_endproc
  96              	.LFE134:
  98              		.section	.text.bpr_flag_clear,"ax",%progbits
ARM GAS  C:\Users\J\AppData\Local\Temp\ccVumNGe.s 			page 4


  99              		.align	1
 100              		.global	bpr_flag_clear
 101              		.syntax unified
 102              		.thumb
 103              		.thumb_func
 104              		.fpu fpv4-sp-d16
 106              	bpr_flag_clear:
 107              	.LVL6:
 108              	.LFB135:
  74:./libraries/drivers/src/at32f413_bpr.c **** 
  75:./libraries/drivers/src/at32f413_bpr.c **** /**
  76:./libraries/drivers/src/at32f413_bpr.c ****   * @brief  clear bpr tamper flag
  77:./libraries/drivers/src/at32f413_bpr.c ****   * @param  flag: specifies the flag to clear.
  78:./libraries/drivers/src/at32f413_bpr.c ****   *         this parameter can be one of the following values:
  79:./libraries/drivers/src/at32f413_bpr.c ****   *         - BPR_TAMPER_INTERRUPT_FLAG: tamper interrupt flag
  80:./libraries/drivers/src/at32f413_bpr.c ****   *         - BPR_TAMPER_EVENT_FLAG:   tamper event flag
  81:./libraries/drivers/src/at32f413_bpr.c ****   * @retval none
  82:./libraries/drivers/src/at32f413_bpr.c ****   */
  83:./libraries/drivers/src/at32f413_bpr.c **** void bpr_flag_clear(uint32_t flag)
  84:./libraries/drivers/src/at32f413_bpr.c **** {
 109              		.loc 1 84 1 is_stmt 1 view -0
 110              		.cfi_startproc
 111              		@ args = 0, pretend = 0, frame = 0
 112              		@ frame_needed = 0, uses_anonymous_args = 0
 113              		@ link register save eliminated.
  85:./libraries/drivers/src/at32f413_bpr.c ****   if(flag == BPR_TAMPER_INTERRUPT_FLAG)
 114              		.loc 1 85 3 view .LVU16
 115              		.loc 1 85 5 is_stmt 0 view .LVU17
 116 0000 0128     		cmp	r0, #1
 117 0002 05D0     		beq	.L12
  86:./libraries/drivers/src/at32f413_bpr.c ****   {
  87:./libraries/drivers/src/at32f413_bpr.c ****     BPR->ctrlsts_bit.tpifclr = TRUE;
  88:./libraries/drivers/src/at32f413_bpr.c ****   }
  89:./libraries/drivers/src/at32f413_bpr.c ****   else
  90:./libraries/drivers/src/at32f413_bpr.c ****   {
  91:./libraries/drivers/src/at32f413_bpr.c ****     BPR->ctrlsts_bit.tpefclr = TRUE;
 118              		.loc 1 91 5 is_stmt 1 view .LVU18
 119              		.loc 1 91 30 is_stmt 0 view .LVU19
 120 0004 054A     		ldr	r2, .L13
 121 0006 536B     		ldr	r3, [r2, #52]
 122 0008 43F00103 		orr	r3, r3, #1
 123 000c 5363     		str	r3, [r2, #52]
  92:./libraries/drivers/src/at32f413_bpr.c ****   }
  93:./libraries/drivers/src/at32f413_bpr.c **** }
 124              		.loc 1 93 1 view .LVU20
 125 000e 7047     		bx	lr
 126              	.L12:
  87:./libraries/drivers/src/at32f413_bpr.c ****   }
 127              		.loc 1 87 5 is_stmt 1 view .LVU21
  87:./libraries/drivers/src/at32f413_bpr.c ****   }
 128              		.loc 1 87 30 is_stmt 0 view .LVU22
 129 0010 024A     		ldr	r2, .L13
 130 0012 536B     		ldr	r3, [r2, #52]
 131 0014 43F00203 		orr	r3, r3, #2
 132 0018 5363     		str	r3, [r2, #52]
 133 001a 7047     		bx	lr
 134              	.L14:
ARM GAS  C:\Users\J\AppData\Local\Temp\ccVumNGe.s 			page 5


 135              		.align	2
 136              	.L13:
 137 001c 006C0040 		.word	1073769472
 138              		.cfi_endproc
 139              	.LFE135:
 141              		.section	.text.bpr_interrupt_enable,"ax",%progbits
 142              		.align	1
 143              		.global	bpr_interrupt_enable
 144              		.syntax unified
 145              		.thumb
 146              		.thumb_func
 147              		.fpu fpv4-sp-d16
 149              	bpr_interrupt_enable:
 150              	.LVL7:
 151              	.LFB136:
  94:./libraries/drivers/src/at32f413_bpr.c **** 
  95:./libraries/drivers/src/at32f413_bpr.c **** /**
  96:./libraries/drivers/src/at32f413_bpr.c ****   * @brief  enable or disable bpr tamper interrupt
  97:./libraries/drivers/src/at32f413_bpr.c ****   * @param  new_state (TRUE or FALSE)
  98:./libraries/drivers/src/at32f413_bpr.c ****   * @retval none
  99:./libraries/drivers/src/at32f413_bpr.c ****   */
 100:./libraries/drivers/src/at32f413_bpr.c **** void bpr_interrupt_enable(confirm_state new_state)
 101:./libraries/drivers/src/at32f413_bpr.c **** {
 152              		.loc 1 101 1 is_stmt 1 view -0
 153              		.cfi_startproc
 154              		@ args = 0, pretend = 0, frame = 0
 155              		@ frame_needed = 0, uses_anonymous_args = 0
 156              		@ link register save eliminated.
 102:./libraries/drivers/src/at32f413_bpr.c ****   BPR->ctrlsts_bit.tpien = new_state;
 157              		.loc 1 102 3 view .LVU24
 158              		.loc 1 102 26 is_stmt 0 view .LVU25
 159 0000 024B     		ldr	r3, .L16
 160 0002 5A6B     		ldr	r2, [r3, #52]
 161 0004 60F38202 		bfi	r2, r0, #2, #1
 162 0008 5A63     		str	r2, [r3, #52]
 103:./libraries/drivers/src/at32f413_bpr.c **** }
 163              		.loc 1 103 1 view .LVU26
 164 000a 7047     		bx	lr
 165              	.L17:
 166              		.align	2
 167              	.L16:
 168 000c 006C0040 		.word	1073769472
 169              		.cfi_endproc
 170              	.LFE136:
 172              		.section	.text.bpr_data_read,"ax",%progbits
 173              		.align	1
 174              		.global	bpr_data_read
 175              		.syntax unified
 176              		.thumb
 177              		.thumb_func
 178              		.fpu fpv4-sp-d16
 180              	bpr_data_read:
 181              	.LVL8:
 182              	.LFB137:
 104:./libraries/drivers/src/at32f413_bpr.c **** 
 105:./libraries/drivers/src/at32f413_bpr.c **** /**
 106:./libraries/drivers/src/at32f413_bpr.c ****   * @brief  read bpr bpr data
ARM GAS  C:\Users\J\AppData\Local\Temp\ccVumNGe.s 			page 6


 107:./libraries/drivers/src/at32f413_bpr.c ****   * @param  bpr_data
 108:./libraries/drivers/src/at32f413_bpr.c ****   *         this parameter can be one of the following values:
 109:./libraries/drivers/src/at32f413_bpr.c ****   *         - BPR_DATA1
 110:./libraries/drivers/src/at32f413_bpr.c ****   *         - BPR_DATA2
 111:./libraries/drivers/src/at32f413_bpr.c ****   *         ...
 112:./libraries/drivers/src/at32f413_bpr.c ****   *         - BPR_DATA41
 113:./libraries/drivers/src/at32f413_bpr.c ****   *         - BPR_DATA42
 114:./libraries/drivers/src/at32f413_bpr.c ****   * @retval none
 115:./libraries/drivers/src/at32f413_bpr.c ****   */
 116:./libraries/drivers/src/at32f413_bpr.c **** uint16_t bpr_data_read(bpr_data_type bpr_data)
 117:./libraries/drivers/src/at32f413_bpr.c **** {
 183              		.loc 1 117 1 is_stmt 1 view -0
 184              		.cfi_startproc
 185              		@ args = 0, pretend = 0, frame = 0
 186              		@ frame_needed = 0, uses_anonymous_args = 0
 187              		@ link register save eliminated.
 118:./libraries/drivers/src/at32f413_bpr.c ****   return (*(__IO uint16_t *)(BPR_BASE + bpr_data));
 188              		.loc 1 118 3 view .LVU28
 189              		.loc 1 118 39 is_stmt 0 view .LVU29
 190 0000 00F18040 		add	r0, r0, #1073741824
 191              	.LVL9:
 192              		.loc 1 118 39 view .LVU30
 193 0004 00F5D840 		add	r0, r0, #27648
 194              		.loc 1 118 11 view .LVU31
 195 0008 0088     		ldrh	r0, [r0]
 119:./libraries/drivers/src/at32f413_bpr.c **** }
 196              		.loc 1 119 1 view .LVU32
 197 000a 80B2     		uxth	r0, r0
 198 000c 7047     		bx	lr
 199              		.cfi_endproc
 200              	.LFE137:
 202              		.section	.text.bpr_data_write,"ax",%progbits
 203              		.align	1
 204              		.global	bpr_data_write
 205              		.syntax unified
 206              		.thumb
 207              		.thumb_func
 208              		.fpu fpv4-sp-d16
 210              	bpr_data_write:
 211              	.LVL10:
 212              	.LFB138:
 120:./libraries/drivers/src/at32f413_bpr.c **** 
 121:./libraries/drivers/src/at32f413_bpr.c **** /**
 122:./libraries/drivers/src/at32f413_bpr.c ****   * @brief  write bpr data
 123:./libraries/drivers/src/at32f413_bpr.c ****   * @param  bpr_data
 124:./libraries/drivers/src/at32f413_bpr.c ****   *         this parameter can be one of the following values:
 125:./libraries/drivers/src/at32f413_bpr.c ****   *         - BPR_DATA1
 126:./libraries/drivers/src/at32f413_bpr.c ****   *         - BPR_DATA2
 127:./libraries/drivers/src/at32f413_bpr.c ****   *         ...
 128:./libraries/drivers/src/at32f413_bpr.c ****   *         - BPR_DATA41
 129:./libraries/drivers/src/at32f413_bpr.c ****   *         - BPR_DATA42
 130:./libraries/drivers/src/at32f413_bpr.c ****   * @param  data_value (0x0000~0xFFFF)
 131:./libraries/drivers/src/at32f413_bpr.c ****   * @retval none
 132:./libraries/drivers/src/at32f413_bpr.c ****   */
 133:./libraries/drivers/src/at32f413_bpr.c **** void bpr_data_write(bpr_data_type bpr_data, uint16_t data_value)
 134:./libraries/drivers/src/at32f413_bpr.c **** {
 213              		.loc 1 134 1 is_stmt 1 view -0
ARM GAS  C:\Users\J\AppData\Local\Temp\ccVumNGe.s 			page 7


 214              		.cfi_startproc
 215              		@ args = 0, pretend = 0, frame = 0
 216              		@ frame_needed = 0, uses_anonymous_args = 0
 217              		@ link register save eliminated.
 135:./libraries/drivers/src/at32f413_bpr.c ****   (*(__IO uint32_t *)(BPR_BASE + bpr_data)) = data_value;
 218              		.loc 1 135 3 view .LVU34
 219              		.loc 1 135 32 is_stmt 0 view .LVU35
 220 0000 00F18040 		add	r0, r0, #1073741824
 221              	.LVL11:
 222              		.loc 1 135 32 view .LVU36
 223 0004 00F5D840 		add	r0, r0, #27648
 224              		.loc 1 135 45 view .LVU37
 225 0008 0160     		str	r1, [r0]
 136:./libraries/drivers/src/at32f413_bpr.c **** }
 226              		.loc 1 136 1 view .LVU38
 227 000a 7047     		bx	lr
 228              		.cfi_endproc
 229              	.LFE138:
 231              		.section	.text.bpr_rtc_output_select,"ax",%progbits
 232              		.align	1
 233              		.global	bpr_rtc_output_select
 234              		.syntax unified
 235              		.thumb
 236              		.thumb_func
 237              		.fpu fpv4-sp-d16
 239              	bpr_rtc_output_select:
 240              	.LVL12:
 241              	.LFB139:
 137:./libraries/drivers/src/at32f413_bpr.c **** 
 138:./libraries/drivers/src/at32f413_bpr.c **** /**
 139:./libraries/drivers/src/at32f413_bpr.c ****   * @brief  select bpr rtc output
 140:./libraries/drivers/src/at32f413_bpr.c ****   * @param  output_source
 141:./libraries/drivers/src/at32f413_bpr.c ****   *         this parameter can be one of the following values:
 142:./libraries/drivers/src/at32f413_bpr.c ****   *         - BPR_RTC_OUTPUT_NONE: output disable.
 143:./libraries/drivers/src/at32f413_bpr.c ****   *         - BPR_RTC_OUTPUT_CLOCK_CAL_BEFORE: output clock before calibration.
 144:./libraries/drivers/src/at32f413_bpr.c ****   *         - BPR_RTC_OUTPUT_ALARM: output alarm event with pluse mode.
 145:./libraries/drivers/src/at32f413_bpr.c ****   *         - BPR_RTC_OUTPUT_SECOND: output second event with pluse mode.
 146:./libraries/drivers/src/at32f413_bpr.c ****   *         - BPR_RTC_OUTPUT_CLOCK_CAL_AFTER: output clock after calibration.
 147:./libraries/drivers/src/at32f413_bpr.c ****   *         - BPR_RTC_OUTPUT_ALARM_TOGGLE: output alarm event with toggle mode.
 148:./libraries/drivers/src/at32f413_bpr.c ****   *         - BPR_RTC_OUTPUT_SECOND_TOGGLE: output second event with toggle mode.
 149:./libraries/drivers/src/at32f413_bpr.c ****   * @retval none
 150:./libraries/drivers/src/at32f413_bpr.c ****   */
 151:./libraries/drivers/src/at32f413_bpr.c **** void bpr_rtc_output_select(bpr_rtc_output_type output_source)
 152:./libraries/drivers/src/at32f413_bpr.c **** {
 242              		.loc 1 152 1 is_stmt 1 view -0
 243              		.cfi_startproc
 244              		@ args = 0, pretend = 0, frame = 0
 245              		@ frame_needed = 0, uses_anonymous_args = 0
 246              		@ link register save eliminated.
 153:./libraries/drivers/src/at32f413_bpr.c ****   /* clear cco,asoe,asos,ccos,togen bits */
 154:./libraries/drivers/src/at32f413_bpr.c ****   BPR->rtccal &= (uint32_t)~0x0F80;
 247              		.loc 1 154 3 view .LVU40
 248              		.loc 1 154 15 is_stmt 0 view .LVU41
 249 0000 044B     		ldr	r3, .L21
 250 0002 DA6A     		ldr	r2, [r3, #44]
 251 0004 22F47862 		bic	r2, r2, #3968
 252 0008 DA62     		str	r2, [r3, #44]
ARM GAS  C:\Users\J\AppData\Local\Temp\ccVumNGe.s 			page 8


 155:./libraries/drivers/src/at32f413_bpr.c **** 
 156:./libraries/drivers/src/at32f413_bpr.c ****   /* set output_source value */
 157:./libraries/drivers/src/at32f413_bpr.c ****   BPR->rtccal |= output_source;
 253              		.loc 1 157 3 is_stmt 1 view .LVU42
 254              		.loc 1 157 15 is_stmt 0 view .LVU43
 255 000a DA6A     		ldr	r2, [r3, #44]
 256 000c 1043     		orrs	r0, r0, r2
 257              	.LVL13:
 258              		.loc 1 157 15 view .LVU44
 259 000e D862     		str	r0, [r3, #44]
 158:./libraries/drivers/src/at32f413_bpr.c **** }
 260              		.loc 1 158 1 view .LVU45
 261 0010 7047     		bx	lr
 262              	.L22:
 263 0012 00BF     		.align	2
 264              	.L21:
 265 0014 006C0040 		.word	1073769472
 266              		.cfi_endproc
 267              	.LFE139:
 269              		.section	.text.bpr_rtc_clock_calibration_value_set,"ax",%progbits
 270              		.align	1
 271              		.global	bpr_rtc_clock_calibration_value_set
 272              		.syntax unified
 273              		.thumb
 274              		.thumb_func
 275              		.fpu fpv4-sp-d16
 277              	bpr_rtc_clock_calibration_value_set:
 278              	.LVL14:
 279              	.LFB140:
 159:./libraries/drivers/src/at32f413_bpr.c **** 
 160:./libraries/drivers/src/at32f413_bpr.c **** /**
 161:./libraries/drivers/src/at32f413_bpr.c ****   * @brief  set rtc clock calibration value
 162:./libraries/drivers/src/at32f413_bpr.c ****   * @param  calibration_value (0x00~0x7f)
 163:./libraries/drivers/src/at32f413_bpr.c ****   * @retval none
 164:./libraries/drivers/src/at32f413_bpr.c ****   */
 165:./libraries/drivers/src/at32f413_bpr.c **** void bpr_rtc_clock_calibration_value_set(uint8_t calibration_value)
 166:./libraries/drivers/src/at32f413_bpr.c **** {
 280              		.loc 1 166 1 is_stmt 1 view -0
 281              		.cfi_startproc
 282              		@ args = 0, pretend = 0, frame = 0
 283              		@ frame_needed = 0, uses_anonymous_args = 0
 284              		@ link register save eliminated.
 167:./libraries/drivers/src/at32f413_bpr.c ****   /* set rtc clock calibration value */
 168:./libraries/drivers/src/at32f413_bpr.c ****   BPR->rtccal_bit.calval= calibration_value;
 285              		.loc 1 168 3 view .LVU47
 286              		.loc 1 168 25 is_stmt 0 view .LVU48
 287 0000 024B     		ldr	r3, .L24
 288 0002 DA6A     		ldr	r2, [r3, #44]
 289 0004 60F30602 		bfi	r2, r0, #0, #7
 290 0008 DA62     		str	r2, [r3, #44]
 169:./libraries/drivers/src/at32f413_bpr.c **** }
 291              		.loc 1 169 1 view .LVU49
 292 000a 7047     		bx	lr
 293              	.L25:
 294              		.align	2
 295              	.L24:
 296 000c 006C0040 		.word	1073769472
ARM GAS  C:\Users\J\AppData\Local\Temp\ccVumNGe.s 			page 9


 297              		.cfi_endproc
 298              	.LFE140:
 300              		.section	.text.bpr_tamper_pin_enable,"ax",%progbits
 301              		.align	1
 302              		.global	bpr_tamper_pin_enable
 303              		.syntax unified
 304              		.thumb
 305              		.thumb_func
 306              		.fpu fpv4-sp-d16
 308              	bpr_tamper_pin_enable:
 309              	.LVL15:
 310              	.LFB141:
 170:./libraries/drivers/src/at32f413_bpr.c **** 
 171:./libraries/drivers/src/at32f413_bpr.c **** /**
 172:./libraries/drivers/src/at32f413_bpr.c ****   * @brief  enable or disable bpr tamper pin
 173:./libraries/drivers/src/at32f413_bpr.c ****   * @param  new_state (TRUE or FALSE)
 174:./libraries/drivers/src/at32f413_bpr.c ****   * @retval none
 175:./libraries/drivers/src/at32f413_bpr.c ****   */
 176:./libraries/drivers/src/at32f413_bpr.c **** void bpr_tamper_pin_enable(confirm_state new_state)
 177:./libraries/drivers/src/at32f413_bpr.c **** {
 311              		.loc 1 177 1 is_stmt 1 view -0
 312              		.cfi_startproc
 313              		@ args = 0, pretend = 0, frame = 0
 314              		@ frame_needed = 0, uses_anonymous_args = 0
 315              		@ link register save eliminated.
 178:./libraries/drivers/src/at32f413_bpr.c ****   BPR->ctrl_bit.tpen = new_state;
 316              		.loc 1 178 3 view .LVU51
 317              		.loc 1 178 22 is_stmt 0 view .LVU52
 318 0000 024B     		ldr	r3, .L27
 319 0002 1A6B     		ldr	r2, [r3, #48]
 320 0004 60F30002 		bfi	r2, r0, #0, #1
 321 0008 1A63     		str	r2, [r3, #48]
 179:./libraries/drivers/src/at32f413_bpr.c **** }
 322              		.loc 1 179 1 view .LVU53
 323 000a 7047     		bx	lr
 324              	.L28:
 325              		.align	2
 326              	.L27:
 327 000c 006C0040 		.word	1073769472
 328              		.cfi_endproc
 329              	.LFE141:
 331              		.section	.text.bpr_tamper_pin_active_level_set,"ax",%progbits
 332              		.align	1
 333              		.global	bpr_tamper_pin_active_level_set
 334              		.syntax unified
 335              		.thumb
 336              		.thumb_func
 337              		.fpu fpv4-sp-d16
 339              	bpr_tamper_pin_active_level_set:
 340              	.LVL16:
 341              	.LFB142:
 180:./libraries/drivers/src/at32f413_bpr.c **** 
 181:./libraries/drivers/src/at32f413_bpr.c **** /**
 182:./libraries/drivers/src/at32f413_bpr.c ****   * @brief  set bpr tamper pin active level
 183:./libraries/drivers/src/at32f413_bpr.c ****   * @param  active_level
 184:./libraries/drivers/src/at32f413_bpr.c ****   *         this parameter can be one of the following values:
 185:./libraries/drivers/src/at32f413_bpr.c ****   *         - BPR_TAMPER_PIN_ACTIVE_HIGH: tamper pin input active level is high.
ARM GAS  C:\Users\J\AppData\Local\Temp\ccVumNGe.s 			page 10


 186:./libraries/drivers/src/at32f413_bpr.c ****   *         - BPR_TAMPER_PIN_ACTIVE_LOW: tamper pin input active level is low.
 187:./libraries/drivers/src/at32f413_bpr.c ****   * @retval none
 188:./libraries/drivers/src/at32f413_bpr.c ****   */
 189:./libraries/drivers/src/at32f413_bpr.c **** void bpr_tamper_pin_active_level_set(bpr_tamper_pin_active_level_type active_level)
 190:./libraries/drivers/src/at32f413_bpr.c **** {
 342              		.loc 1 190 1 is_stmt 1 view -0
 343              		.cfi_startproc
 344              		@ args = 0, pretend = 0, frame = 0
 345              		@ frame_needed = 0, uses_anonymous_args = 0
 346              		@ link register save eliminated.
 191:./libraries/drivers/src/at32f413_bpr.c ****   BPR->ctrl_bit.tpp = active_level;
 347              		.loc 1 191 3 view .LVU55
 348              		.loc 1 191 21 is_stmt 0 view .LVU56
 349 0000 024B     		ldr	r3, .L30
 350 0002 1A6B     		ldr	r2, [r3, #48]
 351 0004 60F34102 		bfi	r2, r0, #1, #1
 352 0008 1A63     		str	r2, [r3, #48]
 192:./libraries/drivers/src/at32f413_bpr.c **** }
 353              		.loc 1 192 1 view .LVU57
 354 000a 7047     		bx	lr
 355              	.L31:
 356              		.align	2
 357              	.L30:
 358 000c 006C0040 		.word	1073769472
 359              		.cfi_endproc
 360              	.LFE142:
 362              		.text
 363              	.Letext0:
 364              		.file 2 "c:\\gcc-arm-none-eabi-10.3-2021.07\\arm-none-eabi\\include\\machine\\_default_types.h"
 365              		.file 3 "c:\\gcc-arm-none-eabi-10.3-2021.07\\arm-none-eabi\\include\\sys\\_stdint.h"
 366              		.file 4 "./libraries/cmsis/cm4/device_support/at32f413.h"
 367              		.file 5 "./libraries/drivers/inc/at32f413_bpr.h"
 368              		.file 6 "./libraries/drivers/inc/at32f413_crm.h"
ARM GAS  C:\Users\J\AppData\Local\Temp\ccVumNGe.s 			page 11


DEFINED SYMBOLS
                            *ABS*:00000000 at32f413_bpr.c
C:\Users\J\AppData\Local\Temp\ccVumNGe.s:18     .text.bpr_reset:00000000 $t
C:\Users\J\AppData\Local\Temp\ccVumNGe.s:26     .text.bpr_reset:00000000 bpr_reset
C:\Users\J\AppData\Local\Temp\ccVumNGe.s:52     .text.bpr_flag_get:00000000 $t
C:\Users\J\AppData\Local\Temp\ccVumNGe.s:59     .text.bpr_flag_get:00000000 bpr_flag_get
C:\Users\J\AppData\Local\Temp\ccVumNGe.s:94     .text.bpr_flag_get:00000018 $d
C:\Users\J\AppData\Local\Temp\ccVumNGe.s:99     .text.bpr_flag_clear:00000000 $t
C:\Users\J\AppData\Local\Temp\ccVumNGe.s:106    .text.bpr_flag_clear:00000000 bpr_flag_clear
C:\Users\J\AppData\Local\Temp\ccVumNGe.s:137    .text.bpr_flag_clear:0000001c $d
C:\Users\J\AppData\Local\Temp\ccVumNGe.s:142    .text.bpr_interrupt_enable:00000000 $t
C:\Users\J\AppData\Local\Temp\ccVumNGe.s:149    .text.bpr_interrupt_enable:00000000 bpr_interrupt_enable
C:\Users\J\AppData\Local\Temp\ccVumNGe.s:168    .text.bpr_interrupt_enable:0000000c $d
C:\Users\J\AppData\Local\Temp\ccVumNGe.s:173    .text.bpr_data_read:00000000 $t
C:\Users\J\AppData\Local\Temp\ccVumNGe.s:180    .text.bpr_data_read:00000000 bpr_data_read
C:\Users\J\AppData\Local\Temp\ccVumNGe.s:203    .text.bpr_data_write:00000000 $t
C:\Users\J\AppData\Local\Temp\ccVumNGe.s:210    .text.bpr_data_write:00000000 bpr_data_write
C:\Users\J\AppData\Local\Temp\ccVumNGe.s:232    .text.bpr_rtc_output_select:00000000 $t
C:\Users\J\AppData\Local\Temp\ccVumNGe.s:239    .text.bpr_rtc_output_select:00000000 bpr_rtc_output_select
C:\Users\J\AppData\Local\Temp\ccVumNGe.s:265    .text.bpr_rtc_output_select:00000014 $d
C:\Users\J\AppData\Local\Temp\ccVumNGe.s:270    .text.bpr_rtc_clock_calibration_value_set:00000000 $t
C:\Users\J\AppData\Local\Temp\ccVumNGe.s:277    .text.bpr_rtc_clock_calibration_value_set:00000000 bpr_rtc_clock_calibration_value_set
C:\Users\J\AppData\Local\Temp\ccVumNGe.s:296    .text.bpr_rtc_clock_calibration_value_set:0000000c $d
C:\Users\J\AppData\Local\Temp\ccVumNGe.s:301    .text.bpr_tamper_pin_enable:00000000 $t
C:\Users\J\AppData\Local\Temp\ccVumNGe.s:308    .text.bpr_tamper_pin_enable:00000000 bpr_tamper_pin_enable
C:\Users\J\AppData\Local\Temp\ccVumNGe.s:327    .text.bpr_tamper_pin_enable:0000000c $d
C:\Users\J\AppData\Local\Temp\ccVumNGe.s:332    .text.bpr_tamper_pin_active_level_set:00000000 $t
C:\Users\J\AppData\Local\Temp\ccVumNGe.s:339    .text.bpr_tamper_pin_active_level_set:00000000 bpr_tamper_pin_active_level_set
C:\Users\J\AppData\Local\Temp\ccVumNGe.s:358    .text.bpr_tamper_pin_active_level_set:0000000c $d

UNDEFINED SYMBOLS
crm_battery_powered_domain_reset
